{"numTotalTestSuites":2,"numPassedTestSuites":2,"numFailedTestSuites":0,"numPendingTestSuites":0,"numTotalTests":5,"numPassedTests":5,"numFailedTests":0,"numPendingTests":0,"numTodoTests":0,"snapshot":{"added":0,"failure":false,"filesAdded":0,"filesRemoved":0,"filesRemovedList":[],"filesUnmatched":0,"filesUpdated":0,"matched":0,"total":0,"unchecked":0,"uncheckedKeysByFile":[],"unmatched":0,"updated":0,"didUpdate":false},"startTime":1726106485800,"success":true,"testResults":[{"assertionResults":[{"ancestorTitles":["Shipping"],"fullName":"Shipping exemplo","status":"skipped","title":"exemplo","failureMessages":[],"meta":{}},{"ancestorTitles":["Shipping"],"fullName":"Shipping caso 1: frete gratis","status":"passed","title":"caso 1: frete gratis","duration":107,"failureMessages":[],"meta":{}},{"ancestorTitles":["Shipping"],"fullName":"Shipping caso 2: erro 4XX","status":"passed","title":"caso 2: erro 4XX","duration":8,"failureMessages":[],"meta":{}},{"ancestorTitles":["Shipping"],"fullName":"Shipping caso 3: frete calculado","status":"passed","title":"caso 3: frete calculado","duration":27,"failureMessages":[],"meta":{}},{"ancestorTitles":["Shipping"],"fullName":"Shipping caso 4: erro 5XX","status":"passed","title":"caso 4: erro 5XX","duration":19,"failureMessages":[],"meta":{}}],"startTime":1726106486583,"endTime":1726106486744,"status":"passed","message":"","name":"/home/diegoaquino/www/tcc-project-downloads/data/120111396-120110894/a-v1/tests/shipping.test.ts"}]}