{"numTotalTestSuites":2,"numPassedTestSuites":2,"numFailedTestSuites":0,"numPendingTestSuites":0,"numTotalTests":4,"numPassedTests":4,"numFailedTests":0,"numPendingTests":0,"numTodoTests":0,"snapshot":{"added":0,"failure":false,"filesAdded":0,"filesRemoved":0,"filesRemovedList":[],"filesUnmatched":0,"filesUpdated":0,"matched":0,"total":0,"unchecked":0,"uncheckedKeysByFile":[],"unmatched":0,"updated":0,"didUpdate":false},"startTime":1726106489313,"success":true,"testResults":[{"assertionResults":[{"ancestorTitles":["Shares"],"fullName":"Shares caso 1: conversao bem sucedida","status":"passed","title":"caso 1: conversao bem sucedida","duration":216,"failureMessages":[],"meta":{}},{"ancestorTitles":["Shares"],"fullName":"Shares caso 2: id invalido","status":"passed","title":"caso 2: id invalido","duration":122,"failureMessages":[],"meta":{}},{"ancestorTitles":["Shares"],"fullName":"Shares caso 3: Erro: unavaible service","status":"passed","title":"caso 3: Erro: unavaible service","duration":8,"failureMessages":[],"meta":{}},{"ancestorTitles":["Shares"],"fullName":"Shares caso 4: Erro: conversao arquivo","status":"passed","title":"caso 4: Erro: conversao arquivo","duration":8,"failureMessages":[],"meta":{}}],"startTime":1726106490075,"endTime":1726106490429,"status":"passed","message":"","name":"/home/diegoaquino/www/tcc-project-downloads/data/120111396-120110894/b-v1/tests/shares.test.ts"}]}