{"numTotalTestSuites":2,"numPassedTestSuites":2,"numFailedTestSuites":0,"numPendingTestSuites":0,"numTotalTests":5,"numPassedTests":4,"numFailedTests":1,"numPendingTests":0,"numTodoTests":0,"snapshot":{"added":0,"failure":false,"filesAdded":0,"filesRemoved":0,"filesRemovedList":[],"filesUnmatched":0,"filesUpdated":0,"matched":0,"total":0,"unchecked":0,"uncheckedKeysByFile":[],"unmatched":0,"updated":0,"didUpdate":false},"startTime":1726106468964,"success":false,"testResults":[{"assertionResults":[{"ancestorTitles":["Shipping"],"fullName":"Shipping exemplo","status":"skipped","title":"exemplo","failureMessages":[],"meta":{}},{"ancestorTitles":["Shipping"],"fullName":"Shipping caso 1: Shipping coast entre duas cidades existentes (200)","status":"failed","title":"caso 1: Shipping coast entre duas cidades existentes (200)","duration":330,"failureMessages":["TypeError: Cannot read properties of undefined (reading 'searchParams')\n    at /home/diegoaquino/www/tcc-project-downloads/data/119210990-119210123/a-v2/tests/shipping.test.ts:214:25\n    at processTicksAndRejections (node:internal/process/task_queues:95:5)\n    at runTest (file:///home/diegoaquino/www/tcc-project-downloads/data/119210990-119210123/a-v2/node_modules/@vitest/runner/dist/index.js:955:11)\n    at runSuite (file:///home/diegoaquino/www/tcc-project-downloads/data/119210990-119210123/a-v2/node_modules/@vitest/runner/dist/index.js:1111:15)\n    at runSuite (file:///home/diegoaquino/www/tcc-project-downloads/data/119210990-119210123/a-v2/node_modules/@vitest/runner/dist/index.js:1111:15)\n    at runFiles (file:///home/diegoaquino/www/tcc-project-downloads/data/119210990-119210123/a-v2/node_modules/@vitest/runner/dist/index.js:1168:5)\n    at startTests (file:///home/diegoaquino/www/tcc-project-downloads/data/119210990-119210123/a-v2/node_modules/@vitest/runner/dist/index.js:1177:3)\n    at file:///home/diegoaquino/www/tcc-project-downloads/data/119210990-119210123/a-v2/node_modules/vitest/dist/chunks/runtime-runBaseTests.Dq_sJZq9.js:132:11\n    at withEnv (file:///home/diegoaquino/www/tcc-project-downloads/data/119210990-119210123/a-v2/node_modules/vitest/dist/chunks/runtime-runBaseTests.Dq_sJZq9.js:94:5)\n    at run (file:///home/diegoaquino/www/tcc-project-downloads/data/119210990-119210123/a-v2/node_modules/vitest/dist/chunks/runtime-runBaseTests.Dq_sJZq9.js:117:3)"],"meta":{}},{"ancestorTitles":["Shipping"],"fullName":"Shipping caso 2: Quando buscamos os shipping coast com destino a uma cidade inexistente (5XX)","status":"passed","title":"caso 2: Quando buscamos os shipping coast com destino a uma cidade inexistente (5XX)","duration":19,"failureMessages":[],"meta":{}},{"ancestorTitles":["Shipping"],"fullName":"Shipping caso 3: Quando buscamos os shipping coast saindo de uma cidade inexistente (5XX)","status":"passed","title":"caso 3: Quando buscamos os shipping coast saindo de uma cidade inexistente (5XX)","duration":14,"failureMessages":[],"meta":{}},{"ancestorTitles":["Shipping"],"fullName":"Shipping caso 4: Quando buscamos os shipping coast saindo de uma cidade inexistente com destino a uma cidade inexistente(5XX)","status":"passed","title":"caso 4: Quando buscamos os shipping coast saindo de uma cidade inexistente com destino a uma cidade inexistente(5XX)","duration":10,"failureMessages":[],"meta":{}}],"startTime":1726106469638,"endTime":1726106470011,"status":"failed","message":"","name":"/home/diegoaquino/www/tcc-project-downloads/data/119210990-119210123/a-v2/tests/shipping.test.ts"}]}