{"numTotalTestSuites":2,"numPassedTestSuites":2,"numFailedTestSuites":0,"numPendingTestSuites":0,"numTotalTests":4,"numPassedTests":2,"numFailedTests":2,"numPendingTests":0,"numTodoTests":0,"snapshot":{"added":0,"failure":false,"filesAdded":0,"filesRemoved":0,"filesRemovedList":[],"filesUnmatched":0,"filesUpdated":0,"matched":0,"total":0,"unchecked":0,"uncheckedKeysByFile":[],"unmatched":0,"updated":0,"didUpdate":false},"startTime":1726106517477,"success":false,"testResults":[{"assertionResults":[{"ancestorTitles":["Shipping"],"fullName":"Shipping caso 1: deve retornar a localização correta","status":"failed","title":"caso 1: deve retornar a localização correta","duration":321,"failureMessages":["AssertionError: expected 500 to be 200 // Object.is equality\n    at /home/diegoaquino/www/tcc-project-downloads/data/121110349-121110403/a-v2/tests/shipping.test.ts:152:29\n    at processTicksAndRejections (node:internal/process/task_queues:95:5)\n    at runTest (file:///home/diegoaquino/www/tcc-project-downloads/data/121110349-121110403/a-v2/node_modules/@vitest/runner/dist/index.js:955:11)\n    at runSuite (file:///home/diegoaquino/www/tcc-project-downloads/data/121110349-121110403/a-v2/node_modules/@vitest/runner/dist/index.js:1111:15)\n    at runSuite (file:///home/diegoaquino/www/tcc-project-downloads/data/121110349-121110403/a-v2/node_modules/@vitest/runner/dist/index.js:1111:15)\n    at runFiles (file:///home/diegoaquino/www/tcc-project-downloads/data/121110349-121110403/a-v2/node_modules/@vitest/runner/dist/index.js:1168:5)\n    at startTests (file:///home/diegoaquino/www/tcc-project-downloads/data/121110349-121110403/a-v2/node_modules/@vitest/runner/dist/index.js:1177:3)\n    at file:///home/diegoaquino/www/tcc-project-downloads/data/121110349-121110403/a-v2/node_modules/vitest/dist/chunks/runtime-runBaseTests.Dq_sJZq9.js:132:11\n    at withEnv (file:///home/diegoaquino/www/tcc-project-downloads/data/121110349-121110403/a-v2/node_modules/vitest/dist/chunks/runtime-runBaseTests.Dq_sJZq9.js:94:5)\n    at run (file:///home/diegoaquino/www/tcc-project-downloads/data/121110349-121110403/a-v2/node_modules/vitest/dist/chunks/runtime-runBaseTests.Dq_sJZq9.js:117:3)"],"meta":{}},{"ancestorTitles":["Shipping"],"fullName":"Shipping caso 2: deve retornar erro 500 para cidade não encontrada","status":"passed","title":"caso 2: deve retornar erro 500 para cidade não encontrada","duration":242,"failureMessages":[],"meta":{}},{"ancestorTitles":["Shipping"],"fullName":"Shipping caso 3: deve retornar custo de frete zero para cidades no mesmo estado","status":"failed","title":"caso 3: deve retornar custo de frete zero para cidades no mesmo estado","duration":248,"failureMessages":["AssertionError: expected 500 to be 200 // Object.is equality\n    at /home/diegoaquino/www/tcc-project-downloads/data/121110349-121110403/a-v2/tests/shipping.test.ts:215:29\n    at processTicksAndRejections (node:internal/process/task_queues:95:5)\n    at runTest (file:///home/diegoaquino/www/tcc-project-downloads/data/121110349-121110403/a-v2/node_modules/@vitest/runner/dist/index.js:955:11)\n    at runSuite (file:///home/diegoaquino/www/tcc-project-downloads/data/121110349-121110403/a-v2/node_modules/@vitest/runner/dist/index.js:1111:15)\n    at runSuite (file:///home/diegoaquino/www/tcc-project-downloads/data/121110349-121110403/a-v2/node_modules/@vitest/runner/dist/index.js:1111:15)\n    at runFiles (file:///home/diegoaquino/www/tcc-project-downloads/data/121110349-121110403/a-v2/node_modules/@vitest/runner/dist/index.js:1168:5)\n    at startTests (file:///home/diegoaquino/www/tcc-project-downloads/data/121110349-121110403/a-v2/node_modules/@vitest/runner/dist/index.js:1177:3)\n    at file:///home/diegoaquino/www/tcc-project-downloads/data/121110349-121110403/a-v2/node_modules/vitest/dist/chunks/runtime-runBaseTests.Dq_sJZq9.js:132:11\n    at withEnv (file:///home/diegoaquino/www/tcc-project-downloads/data/121110349-121110403/a-v2/node_modules/vitest/dist/chunks/runtime-runBaseTests.Dq_sJZq9.js:94:5)\n    at run (file:///home/diegoaquino/www/tcc-project-downloads/data/121110349-121110403/a-v2/node_modules/vitest/dist/chunks/runtime-runBaseTests.Dq_sJZq9.js:117:3)"],"meta":{}},{"ancestorTitles":["Shipping"],"fullName":"Shipping caso 4: Erro de validação no cálculo de frete que dá undefined","status":"passed","title":"caso 4: Erro de validação no cálculo de frete que dá undefined","duration":5,"failureMessages":[],"meta":{}}],"startTime":1726106517955,"endTime":1726106518772,"status":"failed","message":"","name":"/home/diegoaquino/www/tcc-project-downloads/data/121110349-121110403/a-v2/tests/shipping.test.ts"}]}