{"numTotalTestSuites":2,"numPassedTestSuites":2,"numFailedTestSuites":0,"numPendingTestSuites":0,"numTotalTests":4,"numPassedTests":3,"numFailedTests":1,"numPendingTests":0,"numTodoTests":0,"snapshot":{"added":0,"failure":false,"filesAdded":0,"filesRemoved":0,"filesRemovedList":[],"filesUnmatched":0,"filesUpdated":0,"matched":0,"total":0,"unchecked":0,"uncheckedKeysByFile":[],"unmatched":0,"updated":0,"didUpdate":false},"startTime":1726106490895,"success":false,"testResults":[{"assertionResults":[{"ancestorTitles":["Testes de Conversão de Arquivos"],"fullName":"Testes de Conversão de Arquivos Conversão de arquivo bem-sucedida","status":"failed","title":"Conversão de arquivo bem-sucedida","duration":226,"failureMessages":["AssertionError: expected undefined to be 'example.pdf' // Object.is equality\n    at /home/diegoaquino/www/tcc-project-downloads/data/120111396-120110894/b-v2/tests/shares.test.ts:143:32\n    at processTicksAndRejections (node:internal/process/task_queues:95:5)\n    at runTest (file:///home/diegoaquino/www/tcc-project-downloads/data/120111396-120110894/b-v2/node_modules/@vitest/runner/dist/index.js:955:11)\n    at runSuite (file:///home/diegoaquino/www/tcc-project-downloads/data/120111396-120110894/b-v2/node_modules/@vitest/runner/dist/index.js:1111:15)\n    at runSuite (file:///home/diegoaquino/www/tcc-project-downloads/data/120111396-120110894/b-v2/node_modules/@vitest/runner/dist/index.js:1111:15)\n    at runFiles (file:///home/diegoaquino/www/tcc-project-downloads/data/120111396-120110894/b-v2/node_modules/@vitest/runner/dist/index.js:1168:5)\n    at startTests (file:///home/diegoaquino/www/tcc-project-downloads/data/120111396-120110894/b-v2/node_modules/@vitest/runner/dist/index.js:1177:3)\n    at file:///home/diegoaquino/www/tcc-project-downloads/data/120111396-120110894/b-v2/node_modules/vitest/dist/chunks/runtime-runBaseTests.Dq_sJZq9.js:132:11\n    at withEnv (file:///home/diegoaquino/www/tcc-project-downloads/data/120111396-120110894/b-v2/node_modules/vitest/dist/chunks/runtime-runBaseTests.Dq_sJZq9.js:94:5)\n    at run (file:///home/diegoaquino/www/tcc-project-downloads/data/120111396-120110894/b-v2/node_modules/vitest/dist/chunks/runtime-runBaseTests.Dq_sJZq9.js:117:3)"],"meta":{}},{"ancestorTitles":["Testes de Conversão de Arquivos"],"fullName":"Testes de Conversão de Arquivos Falha ao buscar conversão com ID inválido","status":"passed","title":"Falha ao buscar conversão com ID inválido","duration":120,"failureMessages":[],"meta":{}},{"ancestorTitles":["Testes de Conversão de Arquivos"],"fullName":"Testes de Conversão de Arquivos Erro ao processar conversão de arquivo","status":"passed","title":"Erro ao processar conversão de arquivo","duration":10,"failureMessages":[],"meta":{}},{"ancestorTitles":["Testes de Conversão de Arquivos"],"fullName":"Testes de Conversão de Arquivos Serviço indisponível ao realizar conversão","status":"passed","title":"Serviço indisponível ao realizar conversão","duration":9,"failureMessages":[],"meta":{}}],"startTime":1726106491589,"endTime":1726106491954,"status":"failed","message":"","name":"/home/diegoaquino/www/tcc-project-downloads/data/120111396-120110894/b-v2/tests/shares.test.ts"}]}