{"numTotalTestSuites":2,"numPassedTestSuites":2,"numFailedTestSuites":0,"numPendingTestSuites":0,"numTotalTests":4,"numPassedTests":1,"numFailedTests":3,"numPendingTests":0,"numTodoTests":0,"snapshot":{"added":0,"failure":false,"filesAdded":0,"filesRemoved":0,"filesRemovedList":[],"filesUnmatched":0,"filesUpdated":0,"matched":0,"total":0,"unchecked":0,"uncheckedKeysByFile":[],"unmatched":0,"updated":0,"didUpdate":false},"startTime":1726106534621,"success":false,"testResults":[{"assertionResults":[{"ancestorTitles":["Shares (MSW)"],"fullName":"Shares (MSW) caso 1: sucesso (2XX)","status":"failed","title":"caso 1: sucesso (2XX)","duration":57,"failureMessages":["AssertionError: expected 404 to be 200 // Object.is equality\n    at /home/diegoaquino/www/tcc-project-downloads/data/121110566-121110517/b-v2/tests/shares.test.ts:121:29\n    at processTicksAndRejections (node:internal/process/task_queues:95:5)\n    at runTest (file:///home/diegoaquino/www/tcc-project-downloads/data/121110566-121110517/b-v2/node_modules/@vitest/runner/dist/index.js:955:11)\n    at runSuite (file:///home/diegoaquino/www/tcc-project-downloads/data/121110566-121110517/b-v2/node_modules/@vitest/runner/dist/index.js:1111:15)\n    at runSuite (file:///home/diegoaquino/www/tcc-project-downloads/data/121110566-121110517/b-v2/node_modules/@vitest/runner/dist/index.js:1111:15)\n    at runFiles (file:///home/diegoaquino/www/tcc-project-downloads/data/121110566-121110517/b-v2/node_modules/@vitest/runner/dist/index.js:1168:5)\n    at startTests (file:///home/diegoaquino/www/tcc-project-downloads/data/121110566-121110517/b-v2/node_modules/@vitest/runner/dist/index.js:1177:3)\n    at file:///home/diegoaquino/www/tcc-project-downloads/data/121110566-121110517/b-v2/node_modules/vitest/dist/chunks/runtime-runBaseTests.Dq_sJZq9.js:132:11\n    at withEnv (file:///home/diegoaquino/www/tcc-project-downloads/data/121110566-121110517/b-v2/node_modules/vitest/dist/chunks/runtime-runBaseTests.Dq_sJZq9.js:94:5)\n    at run (file:///home/diegoaquino/www/tcc-project-downloads/data/121110566-121110517/b-v2/node_modules/vitest/dist/chunks/runtime-runBaseTests.Dq_sJZq9.js:117:3)"],"meta":{}},{"ancestorTitles":["Shares (MSW)"],"fullName":"Shares (MSW) caso 2: erro do servidor (5XX)","status":"failed","title":"caso 2: erro do servidor (5XX)","duration":10,"failureMessages":["AssertionError: expected 404 to be 500 // Object.is equality\n    at /home/diegoaquino/www/tcc-project-downloads/data/121110566-121110517/b-v2/tests/shares.test.ts:135:29\n    at processTicksAndRejections (node:internal/process/task_queues:95:5)\n    at runTest (file:///home/diegoaquino/www/tcc-project-downloads/data/121110566-121110517/b-v2/node_modules/@vitest/runner/dist/index.js:955:11)\n    at runSuite (file:///home/diegoaquino/www/tcc-project-downloads/data/121110566-121110517/b-v2/node_modules/@vitest/runner/dist/index.js:1111:15)\n    at runSuite (file:///home/diegoaquino/www/tcc-project-downloads/data/121110566-121110517/b-v2/node_modules/@vitest/runner/dist/index.js:1111:15)\n    at runFiles (file:///home/diegoaquino/www/tcc-project-downloads/data/121110566-121110517/b-v2/node_modules/@vitest/runner/dist/index.js:1168:5)\n    at startTests (file:///home/diegoaquino/www/tcc-project-downloads/data/121110566-121110517/b-v2/node_modules/@vitest/runner/dist/index.js:1177:3)\n    at file:///home/diegoaquino/www/tcc-project-downloads/data/121110566-121110517/b-v2/node_modules/vitest/dist/chunks/runtime-runBaseTests.Dq_sJZq9.js:132:11\n    at withEnv (file:///home/diegoaquino/www/tcc-project-downloads/data/121110566-121110517/b-v2/node_modules/vitest/dist/chunks/runtime-runBaseTests.Dq_sJZq9.js:94:5)\n    at run (file:///home/diegoaquino/www/tcc-project-downloads/data/121110566-121110517/b-v2/node_modules/vitest/dist/chunks/runtime-runBaseTests.Dq_sJZq9.js:117:3)"],"meta":{}},{"ancestorTitles":["Shares (MSW)"],"fullName":"Shares (MSW) caso 3: erro de solicitação (4XX)","status":"failed","title":"caso 3: erro de solicitação (4XX)","duration":8,"failureMessages":["AssertionError: expected 404 to be 400 // Object.is equality\n    at /home/diegoaquino/www/tcc-project-downloads/data/121110566-121110517/b-v2/tests/shares.test.ts:146:29\n    at processTicksAndRejections (node:internal/process/task_queues:95:5)\n    at runTest (file:///home/diegoaquino/www/tcc-project-downloads/data/121110566-121110517/b-v2/node_modules/@vitest/runner/dist/index.js:955:11)\n    at runSuite (file:///home/diegoaquino/www/tcc-project-downloads/data/121110566-121110517/b-v2/node_modules/@vitest/runner/dist/index.js:1111:15)\n    at runSuite (file:///home/diegoaquino/www/tcc-project-downloads/data/121110566-121110517/b-v2/node_modules/@vitest/runner/dist/index.js:1111:15)\n    at runFiles (file:///home/diegoaquino/www/tcc-project-downloads/data/121110566-121110517/b-v2/node_modules/@vitest/runner/dist/index.js:1168:5)\n    at startTests (file:///home/diegoaquino/www/tcc-project-downloads/data/121110566-121110517/b-v2/node_modules/@vitest/runner/dist/index.js:1177:3)\n    at file:///home/diegoaquino/www/tcc-project-downloads/data/121110566-121110517/b-v2/node_modules/vitest/dist/chunks/runtime-runBaseTests.Dq_sJZq9.js:132:11\n    at withEnv (file:///home/diegoaquino/www/tcc-project-downloads/data/121110566-121110517/b-v2/node_modules/vitest/dist/chunks/runtime-runBaseTests.Dq_sJZq9.js:94:5)\n    at run (file:///home/diegoaquino/www/tcc-project-downloads/data/121110566-121110517/b-v2/node_modules/vitest/dist/chunks/runtime-runBaseTests.Dq_sJZq9.js:117:3)"],"meta":{}},{"ancestorTitles":["Shares (MSW)"],"fullName":"Shares (MSW) caso 4: sem conversão","status":"passed","title":"caso 4: sem conversão","duration":9,"failureMessages":[],"meta":{}}],"startTime":1726106535142,"endTime":1726106535226,"status":"failed","message":"","name":"/home/diegoaquino/www/tcc-project-downloads/data/121110566-121110517/b-v2/tests/shares.test.ts"}]}