{"numTotalTestSuites":2,"numPassedTestSuites":2,"numFailedTestSuites":0,"numPendingTestSuites":0,"numTotalTests":5,"numPassedTests":5,"numFailedTests":0,"numPendingTests":0,"numTodoTests":0,"snapshot":{"added":0,"failure":false,"filesAdded":0,"filesRemoved":0,"filesRemovedList":[],"filesUnmatched":0,"filesUpdated":0,"matched":0,"total":0,"unchecked":0,"uncheckedKeysByFile":[],"unmatched":0,"updated":0,"didUpdate":false},"startTime":1726106463984,"success":true,"testResults":[{"assertionResults":[{"ancestorTitles":["Shares"],"fullName":"Shares exemplo","status":"skipped","title":"exemplo","failureMessages":[],"meta":{}},{"ancestorTitles":["Shares"],"fullName":"Shares caso 1: Deve compartilhar um arquivo sem conversão","status":"passed","title":"caso 1: Deve compartilhar um arquivo sem conversão","duration":46,"failureMessages":[],"meta":{}},{"ancestorTitles":["Shares"],"fullName":"Shares caso 2: Deve compartilhar um arquivo com conversão","status":"passed","title":"caso 2: Deve compartilhar um arquivo com conversão","duration":151,"failureMessages":[],"meta":{}},{"ancestorTitles":["Shares"],"fullName":"Shares caso 3: Deve retornar erro se a conversão falhar","status":"passed","title":"caso 3: Deve retornar erro se a conversão falhar","duration":115,"failureMessages":[],"meta":{}},{"ancestorTitles":["Shares"],"fullName":"Shares caso 4: Deve retornar 400 se a API de conversão retornar um erro","status":"passed","title":"caso 4: Deve retornar 400 se a API de conversão retornar um erro","duration":361,"failureMessages":[],"meta":{}}],"startTime":1726106464638,"endTime":1726106465311,"status":"passed","message":"","name":"/home/diegoaquino/www/tcc-project-downloads/data/119210204-119111008/b-v1/tests/shares.test.ts"}]}