{"numTotalTestSuites":2,"numPassedTestSuites":2,"numFailedTestSuites":0,"numPendingTestSuites":0,"numTotalTests":5,"numPassedTests":5,"numFailedTests":0,"numPendingTests":0,"numTodoTests":0,"snapshot":{"added":0,"failure":false,"filesAdded":0,"filesRemoved":0,"filesRemovedList":[],"filesUnmatched":0,"filesUpdated":0,"matched":0,"total":0,"unchecked":0,"uncheckedKeysByFile":[],"unmatched":0,"updated":0,"didUpdate":false},"startTime":1726106457339,"success":true,"testResults":[{"assertionResults":[{"ancestorTitles":["Shipping"],"fullName":"Shipping exemplo","status":"skipped","title":"exemplo","failureMessages":[],"meta":{}},{"ancestorTitles":["Shipping"],"fullName":"Shipping caso 1: sucesso (200)","status":"passed","title":"caso 1: sucesso (200)","duration":102,"failureMessages":[],"meta":{}},{"ancestorTitles":["Shipping"],"fullName":"Shipping caso 2: error validation (500)","status":"passed","title":"caso 2: error validation (500)","duration":15,"failureMessages":[],"meta":{}},{"ancestorTitles":["Shipping"],"fullName":"Shipping caso 3: origin City Not Found (400)","status":"passed","title":"caso 3: origin City Not Found (400)","duration":15,"failureMessages":[],"meta":{}},{"ancestorTitles":["Shipping"],"fullName":"Shipping caso 4: Internal Server Error distance (500)","status":"passed","title":"caso 4: Internal Server Error distance (500)","duration":17,"failureMessages":[],"meta":{}}],"startTime":1726106458004,"endTime":1726106458154,"status":"passed","message":"","name":"/home/diegoaquino/www/tcc-project-downloads/data/119110777-120210126/a-v2/tests/shipping.test.ts"}]}