{"numTotalTestSuites":2,"numPassedTestSuites":2,"numFailedTestSuites":0,"numPendingTestSuites":0,"numTotalTests":5,"numPassedTests":3,"numFailedTests":2,"numPendingTests":0,"numTodoTests":0,"snapshot":{"added":0,"failure":false,"filesAdded":0,"filesRemoved":0,"filesRemovedList":[],"filesUnmatched":0,"filesUpdated":0,"matched":0,"total":0,"unchecked":0,"uncheckedKeysByFile":[],"unmatched":0,"updated":0,"didUpdate":false},"startTime":1726106448890,"success":false,"testResults":[{"assertionResults":[{"ancestorTitles":["Shipping"],"fullName":"Shipping exemplo","status":"skipped","title":"exemplo","failureMessages":[],"meta":{}},{"ancestorTitles":["Shipping"],"fullName":"Shipping caso 1: retorna custo zero para cidades no mesmo estado","status":"failed","title":"caso 1: retorna custo zero para cidades no mesmo estado","duration":314,"failureMessages":["AssertionError: expected 500 to be 200 // Object.is equality\n    at /home/diegoaquino/www/tcc-project-downloads/data/119110692-119210311/a-v1/tests/shipping.test.ts:70:20\n    at processTicksAndRejections (node:internal/process/task_queues:95:5)\n    at runTest (file:///home/diegoaquino/www/tcc-project-downloads/data/119110692-119210311/a-v1/node_modules/@vitest/runner/dist/index.js:955:11)\n    at runSuite (file:///home/diegoaquino/www/tcc-project-downloads/data/119110692-119210311/a-v1/node_modules/@vitest/runner/dist/index.js:1111:15)\n    at runSuite (file:///home/diegoaquino/www/tcc-project-downloads/data/119110692-119210311/a-v1/node_modules/@vitest/runner/dist/index.js:1111:15)\n    at runFiles (file:///home/diegoaquino/www/tcc-project-downloads/data/119110692-119210311/a-v1/node_modules/@vitest/runner/dist/index.js:1168:5)\n    at startTests (file:///home/diegoaquino/www/tcc-project-downloads/data/119110692-119210311/a-v1/node_modules/@vitest/runner/dist/index.js:1177:3)\n    at file:///home/diegoaquino/www/tcc-project-downloads/data/119110692-119210311/a-v1/node_modules/vitest/dist/chunks/runtime-runBaseTests.Dq_sJZq9.js:132:11\n    at withEnv (file:///home/diegoaquino/www/tcc-project-downloads/data/119110692-119210311/a-v1/node_modules/vitest/dist/chunks/runtime-runBaseTests.Dq_sJZq9.js:94:5)\n    at run (file:///home/diegoaquino/www/tcc-project-downloads/data/119110692-119210311/a-v1/node_modules/vitest/dist/chunks/runtime-runBaseTests.Dq_sJZq9.js:117:3)"],"meta":{}},{"ancestorTitles":["Shipping"],"fullName":"Shipping caso 2: retorna custo correto para frete entre cidades de estados diferentes","status":"failed","title":"caso 2: retorna custo correto para frete entre cidades de estados diferentes","duration":245,"failureMessages":["AssertionError: expected 500 to be 200 // Object.is equality\n    at /home/diegoaquino/www/tcc-project-downloads/data/119110692-119210311/a-v1/tests/shipping.test.ts:84:20\n    at processTicksAndRejections (node:internal/process/task_queues:95:5)\n    at runTest (file:///home/diegoaquino/www/tcc-project-downloads/data/119110692-119210311/a-v1/node_modules/@vitest/runner/dist/index.js:955:11)\n    at runSuite (file:///home/diegoaquino/www/tcc-project-downloads/data/119110692-119210311/a-v1/node_modules/@vitest/runner/dist/index.js:1111:15)\n    at runSuite (file:///home/diegoaquino/www/tcc-project-downloads/data/119110692-119210311/a-v1/node_modules/@vitest/runner/dist/index.js:1111:15)\n    at runFiles (file:///home/diegoaquino/www/tcc-project-downloads/data/119110692-119210311/a-v1/node_modules/@vitest/runner/dist/index.js:1168:5)\n    at startTests (file:///home/diegoaquino/www/tcc-project-downloads/data/119110692-119210311/a-v1/node_modules/@vitest/runner/dist/index.js:1177:3)\n    at file:///home/diegoaquino/www/tcc-project-downloads/data/119110692-119210311/a-v1/node_modules/vitest/dist/chunks/runtime-runBaseTests.Dq_sJZq9.js:132:11\n    at withEnv (file:///home/diegoaquino/www/tcc-project-downloads/data/119110692-119210311/a-v1/node_modules/vitest/dist/chunks/runtime-runBaseTests.Dq_sJZq9.js:94:5)\n    at run (file:///home/diegoaquino/www/tcc-project-downloads/data/119110692-119210311/a-v1/node_modules/vitest/dist/chunks/runtime-runBaseTests.Dq_sJZq9.js:117:3)"],"meta":{}},{"ancestorTitles":["Shipping"],"fullName":"Shipping caso 3: retorna erro 400 para cidade inexistente","status":"passed","title":"caso 3: retorna erro 400 para cidade inexistente","duration":15,"failureMessages":[],"meta":{}},{"ancestorTitles":["Shipping"],"fullName":"Shipping caso 4: testa para entrada invalida de volume da encomenda","status":"passed","title":"caso 4: testa para entrada invalida de volume da encomenda","duration":4,"failureMessages":[],"meta":{}}],"startTime":1726106449546,"endTime":1726106450124,"status":"failed","message":"","name":"/home/diegoaquino/www/tcc-project-downloads/data/119110692-119210311/a-v1/tests/shipping.test.ts"}]}