{"numTotalTestSuites":2,"numPassedTestSuites":2,"numFailedTestSuites":0,"numPendingTestSuites":0,"numTotalTests":5,"numPassedTests":3,"numFailedTests":2,"numPendingTests":0,"numTodoTests":0,"snapshot":{"added":0,"failure":false,"filesAdded":0,"filesRemoved":0,"filesRemovedList":[],"filesUnmatched":0,"filesUpdated":0,"matched":0,"total":0,"unchecked":0,"uncheckedKeysByFile":[],"unmatched":0,"updated":0,"didUpdate":false},"startTime":1726106487279,"success":false,"testResults":[{"assertionResults":[{"ancestorTitles":["Shipping"],"fullName":"Shipping exemplo","status":"skipped","title":"exemplo","failureMessages":[],"meta":{}},{"ancestorTitles":["Shipping"],"fullName":"Shipping caso 1: frete gratis)","status":"failed","title":"caso 1: frete gratis)","duration":377,"failureMessages":["AssertionError: expected { message: 'Internal server error' } to deeply equal { …(2) }\n    at /home/diegoaquino/www/tcc-project-downloads/data/120111396-120110894/a-v2/tests/shipping.test.ts:158:27\n    at processTicksAndRejections (node:internal/process/task_queues:95:5)\n    at runTest (file:///home/diegoaquino/www/tcc-project-downloads/data/120111396-120110894/a-v2/node_modules/@vitest/runner/dist/index.js:955:11)\n    at runSuite (file:///home/diegoaquino/www/tcc-project-downloads/data/120111396-120110894/a-v2/node_modules/@vitest/runner/dist/index.js:1111:15)\n    at runSuite (file:///home/diegoaquino/www/tcc-project-downloads/data/120111396-120110894/a-v2/node_modules/@vitest/runner/dist/index.js:1111:15)\n    at runFiles (file:///home/diegoaquino/www/tcc-project-downloads/data/120111396-120110894/a-v2/node_modules/@vitest/runner/dist/index.js:1168:5)\n    at startTests (file:///home/diegoaquino/www/tcc-project-downloads/data/120111396-120110894/a-v2/node_modules/@vitest/runner/dist/index.js:1177:3)\n    at file:///home/diegoaquino/www/tcc-project-downloads/data/120111396-120110894/a-v2/node_modules/vitest/dist/chunks/runtime-runBaseTests.Dq_sJZq9.js:132:11\n    at withEnv (file:///home/diegoaquino/www/tcc-project-downloads/data/120111396-120110894/a-v2/node_modules/vitest/dist/chunks/runtime-runBaseTests.Dq_sJZq9.js:94:5)\n    at run (file:///home/diegoaquino/www/tcc-project-downloads/data/120111396-120110894/a-v2/node_modules/vitest/dist/chunks/runtime-runBaseTests.Dq_sJZq9.js:117:3)"],"meta":{}},{"ancestorTitles":["Shipping"],"fullName":"Shipping caso 2: erro 4XX","status":"passed","title":"caso 2: erro 4XX","duration":11,"failureMessages":[],"meta":{}},{"ancestorTitles":["Shipping"],"fullName":"Shipping caso 3: frete calculado","status":"failed","title":"caso 3: frete calculado","duration":284,"failureMessages":["AssertionError: expected { message: 'Internal server error' } to deeply equal { …(2) }\n    at /home/diegoaquino/www/tcc-project-downloads/data/120111396-120110894/a-v2/tests/shipping.test.ts:280:27\n    at processTicksAndRejections (node:internal/process/task_queues:95:5)\n    at runTest (file:///home/diegoaquino/www/tcc-project-downloads/data/120111396-120110894/a-v2/node_modules/@vitest/runner/dist/index.js:955:11)\n    at runSuite (file:///home/diegoaquino/www/tcc-project-downloads/data/120111396-120110894/a-v2/node_modules/@vitest/runner/dist/index.js:1111:15)\n    at runSuite (file:///home/diegoaquino/www/tcc-project-downloads/data/120111396-120110894/a-v2/node_modules/@vitest/runner/dist/index.js:1111:15)\n    at runFiles (file:///home/diegoaquino/www/tcc-project-downloads/data/120111396-120110894/a-v2/node_modules/@vitest/runner/dist/index.js:1168:5)\n    at startTests (file:///home/diegoaquino/www/tcc-project-downloads/data/120111396-120110894/a-v2/node_modules/@vitest/runner/dist/index.js:1177:3)\n    at file:///home/diegoaquino/www/tcc-project-downloads/data/120111396-120110894/a-v2/node_modules/vitest/dist/chunks/runtime-runBaseTests.Dq_sJZq9.js:132:11\n    at withEnv (file:///home/diegoaquino/www/tcc-project-downloads/data/120111396-120110894/a-v2/node_modules/vitest/dist/chunks/runtime-runBaseTests.Dq_sJZq9.js:94:5)\n    at run (file:///home/diegoaquino/www/tcc-project-downloads/data/120111396-120110894/a-v2/node_modules/vitest/dist/chunks/runtime-runBaseTests.Dq_sJZq9.js:117:3)"],"meta":{}},{"ancestorTitles":["Shipping"],"fullName":"Shipping caso 4: erro 5XX","status":"passed","title":"caso 4: erro 5XX","duration":16,"failureMessages":[],"meta":{}}],"startTime":1726106488139,"endTime":1726106488827,"status":"failed","message":"","name":"/home/diegoaquino/www/tcc-project-downloads/data/120111396-120110894/a-v2/tests/shipping.test.ts"}]}