{"numTotalTestSuites":2,"numPassedTestSuites":2,"numFailedTestSuites":0,"numPendingTestSuites":0,"numTotalTests":3,"numPassedTests":3,"numFailedTests":0,"numPendingTests":0,"numTodoTests":0,"snapshot":{"added":0,"failure":false,"filesAdded":0,"filesRemoved":0,"filesRemovedList":[],"filesUnmatched":0,"filesUpdated":0,"matched":0,"total":0,"unchecked":0,"uncheckedKeysByFile":[],"unmatched":0,"updated":0,"didUpdate":false},"startTime":1726106553859,"success":true,"testResults":[{"assertionResults":[{"ancestorTitles":["Autocomplete"],"fullName":"Autocomplete exemplo","status":"skipped","title":"exemplo","failureMessages":[],"meta":{}},{"ancestorTitles":["Autocomplete"],"fullName":"Autocomplete caso 1: sucesso (2XX)","status":"passed","title":"caso 1: sucesso (2XX)","duration":101,"failureMessages":[],"meta":{}},{"ancestorTitles":["Autocomplete"],"fullName":"Autocomplete caso 2: erro (4XX ou 5XX)","status":"passed","title":"caso 2: erro (4XX ou 5XX)","duration":15,"failureMessages":[],"meta":{}}],"startTime":1726106554351,"endTime":1726106554467,"status":"passed","message":"","name":"/home/diegoaquino/www/tcc-project-downloads/data/dev-2/b-v2/tests/autocomplete.test.ts"}]}