{"numTotalTestSuites":2,"numPassedTestSuites":2,"numFailedTestSuites":0,"numPendingTestSuites":0,"numTotalTests":4,"numPassedTests":3,"numFailedTests":1,"numPendingTests":0,"numTodoTests":0,"snapshot":{"added":0,"failure":false,"filesAdded":0,"filesRemoved":0,"filesRemovedList":[],"filesUnmatched":0,"filesUpdated":0,"matched":0,"total":0,"unchecked":0,"uncheckedKeysByFile":[],"unmatched":0,"updated":0,"didUpdate":false},"startTime":1726106527894,"success":false,"testResults":[{"assertionResults":[{"ancestorTitles":["Shares"],"fullName":"Shares caso 1: todos os parametros corretos","status":"passed","title":"caso 1: todos os parametros corretos","duration":216,"failureMessages":[],"meta":{}},{"ancestorTitles":["Shares"],"fullName":"Shares caso 2: caso não seja passado o nome do arquivo","status":"passed","title":"caso 2: caso não seja passado o nome do arquivo","duration":8,"failureMessages":[],"meta":{}},{"ancestorTitles":["Shares"],"fullName":"Shares caso 3: enviando sem fazer converção","status":"passed","title":"caso 3: enviando sem fazer converção","duration":5,"failureMessages":[],"meta":{}},{"ancestorTitles":["Shares"],"fullName":"Shares caso 4: Testando quando o mode é privado","status":"failed","title":"caso 4: Testando quando o mode é privado","duration":238,"failureMessages":["AssertionError: expected 500 to be 200 // Object.is equality\n    at /home/diegoaquino/www/tcc-project-downloads/data/121110409-121110247/b-v1/tests/shares.test.ts:314:29\n    at processTicksAndRejections (node:internal/process/task_queues:95:5)\n    at runTest (file:///home/diegoaquino/www/tcc-project-downloads/data/121110409-121110247/b-v1/node_modules/@vitest/runner/dist/index.js:955:11)\n    at runSuite (file:///home/diegoaquino/www/tcc-project-downloads/data/121110409-121110247/b-v1/node_modules/@vitest/runner/dist/index.js:1111:15)\n    at runSuite (file:///home/diegoaquino/www/tcc-project-downloads/data/121110409-121110247/b-v1/node_modules/@vitest/runner/dist/index.js:1111:15)\n    at runFiles (file:///home/diegoaquino/www/tcc-project-downloads/data/121110409-121110247/b-v1/node_modules/@vitest/runner/dist/index.js:1168:5)\n    at startTests (file:///home/diegoaquino/www/tcc-project-downloads/data/121110409-121110247/b-v1/node_modules/@vitest/runner/dist/index.js:1177:3)\n    at file:///home/diegoaquino/www/tcc-project-downloads/data/121110409-121110247/b-v1/node_modules/vitest/dist/chunks/runtime-runBaseTests.Dq_sJZq9.js:132:11\n    at withEnv (file:///home/diegoaquino/www/tcc-project-downloads/data/121110409-121110247/b-v1/node_modules/vitest/dist/chunks/runtime-runBaseTests.Dq_sJZq9.js:94:5)\n    at run (file:///home/diegoaquino/www/tcc-project-downloads/data/121110409-121110247/b-v1/node_modules/vitest/dist/chunks/runtime-runBaseTests.Dq_sJZq9.js:117:3)"],"meta":{}}],"startTime":1726106528410,"endTime":1726106528877,"status":"failed","message":"","name":"/home/diegoaquino/www/tcc-project-downloads/data/121110409-121110247/b-v1/tests/shares.test.ts"}]}