{"numTotalTestSuites":2,"numPassedTestSuites":2,"numFailedTestSuites":0,"numPendingTestSuites":0,"numTotalTests":4,"numPassedTests":4,"numFailedTests":0,"numPendingTests":0,"numTodoTests":0,"snapshot":{"added":0,"failure":false,"filesAdded":0,"filesRemoved":0,"filesRemovedList":[],"filesUnmatched":0,"filesUpdated":0,"matched":0,"total":0,"unchecked":0,"uncheckedKeysByFile":[],"unmatched":0,"updated":0,"didUpdate":false},"startTime":1726106541486,"success":true,"testResults":[{"assertionResults":[{"ancestorTitles":["Before and after test"],"fullName":"Before and after test caso 1: Quando buscamos o custo entre duas cidades existentes (2XX)","status":"passed","title":"caso 1: Quando buscamos o custo entre duas cidades existentes (2XX)","duration":113,"failureMessages":[],"meta":{}},{"ancestorTitles":["Before and after test"],"fullName":"Before and after test caso 2: Quando avaliamos se o custo para a mesma cidade é igual a 0","status":"passed","title":"caso 2: Quando avaliamos se o custo para a mesma cidade é igual a 0","duration":22,"failureMessages":[],"meta":{}},{"ancestorTitles":["Before and after test"],"fullName":"Before and after test caso 3: Quando buscamos por uma cidade inexistente (5XX)","status":"passed","title":"caso 3: Quando buscamos por uma cidade inexistente (5XX)","duration":13,"failureMessages":[],"meta":{}},{"ancestorTitles":["Before and after test"],"fullName":"Before and after test caso 4: Quando buscamos por uma cidade com ID inválido (5XX)","status":"passed","title":"caso 4: Quando buscamos por uma cidade com ID inválido (5XX)","duration":14,"failureMessages":[],"meta":{}}],"startTime":1726106541982,"endTime":1726106542144,"status":"passed","message":"","name":"/home/diegoaquino/www/tcc-project-downloads/data/121210472-121110408/a-v2/tests/shipping.zimic.v2.test.ts"}]}