{"numTotalTestSuites":2,"numPassedTestSuites":2,"numFailedTestSuites":0,"numPendingTestSuites":0,"numTotalTests":5,"numPassedTests":5,"numFailedTests":0,"numPendingTests":0,"numTodoTests":0,"snapshot":{"added":0,"failure":false,"filesAdded":0,"filesRemoved":0,"filesRemovedList":[],"filesUnmatched":0,"filesUpdated":0,"matched":0,"total":0,"unchecked":0,"uncheckedKeysByFile":[],"unmatched":0,"updated":0,"didUpdate":false},"startTime":1726106544269,"success":true,"testResults":[{"assertionResults":[{"ancestorTitles":["Shares"],"fullName":"Shares exemplo","status":"skipped","title":"exemplo","failureMessages":[],"meta":{}},{"ancestorTitles":["Shares"],"fullName":"Shares caso 1: caso de sucesso enviando um publico com conversão","status":"passed","title":"caso 1: caso de sucesso enviando um publico com conversão","duration":202,"failureMessages":[],"meta":{}},{"ancestorTitles":["Shares"],"fullName":"Shares caso 2: compartilhando um arquivo privado com conversão","status":"passed","title":"caso 2: compartilhando um arquivo privado com conversão","duration":117,"failureMessages":[],"meta":{}},{"ancestorTitles":["Shares"],"fullName":"Shares caso 3: compartilhando um arquivo que demora para ser convertido","status":"passed","title":"caso 3: compartilhando um arquivo que demora para ser convertido","duration":1050,"failureMessages":[],"meta":{}},{"ancestorTitles":["Shares"],"fullName":"Shares caso 4: compartilhando um arquivo que ocorre um erro na conversão","status":"passed","title":"caso 4: compartilhando um arquivo que ocorre um erro na conversão","duration":114,"failureMessages":[],"meta":{}}],"startTime":1726106544771,"endTime":1726106546254,"status":"passed","message":"","name":"/home/diegoaquino/www/tcc-project-downloads/data/121210472-121110408/b-v2/tests/shares.test.ts"}]}