{"numTotalTestSuites":2,"numPassedTestSuites":2,"numFailedTestSuites":0,"numPendingTestSuites":0,"numTotalTests":5,"numPassedTests":5,"numFailedTests":0,"numPendingTests":0,"numTodoTests":0,"snapshot":{"added":0,"failure":false,"filesAdded":0,"filesRemoved":0,"filesRemovedList":[],"filesUnmatched":0,"filesUpdated":0,"matched":0,"total":0,"unchecked":0,"uncheckedKeysByFile":[],"unmatched":0,"updated":0,"didUpdate":false},"startTime":1726106458614,"success":true,"testResults":[{"assertionResults":[{"ancestorTitles":["Shares"],"fullName":"Shares exemplo","status":"skipped","title":"exemplo","failureMessages":[],"meta":{}},{"ancestorTitles":["Shares"],"fullName":"Shares caso 1: sucesso (200)","status":"passed","title":"caso 1: sucesso (200)","duration":213,"failureMessages":[],"meta":{}},{"ancestorTitles":["Shares"],"fullName":"Shares caso 2: Validation error (400)","status":"passed","title":"caso 2: Validation error (400)","duration":6,"failureMessages":[],"meta":{}},{"ancestorTitles":["Shares"],"fullName":"Shares caso 3: Error converting file (500)","status":"passed","title":"caso 3: Error converting file (500)","duration":10,"failureMessages":[],"meta":{}},{"ancestorTitles":["Shares"],"fullName":"Shares caso 4: Internal server error (500)","status":"passed","title":"caso 4: Internal server error (500)","duration":7,"failureMessages":[],"meta":{}}],"startTime":1726106459286,"endTime":1726106459523,"status":"passed","message":"","name":"/home/diegoaquino/www/tcc-project-downloads/data/119110777-120210126/b-v1/tests/shares.test.ts"}]}