{"numTotalTestSuites":2,"numPassedTestSuites":2,"numFailedTestSuites":0,"numPendingTestSuites":0,"numTotalTests":5,"numPassedTests":3,"numFailedTests":2,"numPendingTests":0,"numTodoTests":0,"snapshot":{"added":0,"failure":false,"filesAdded":0,"filesRemoved":0,"filesRemovedList":[],"filesUnmatched":0,"filesUpdated":0,"matched":0,"total":0,"unchecked":0,"uncheckedKeysByFile":[],"unmatched":0,"updated":0,"didUpdate":false},"startTime":1726106479837,"success":false,"testResults":[{"assertionResults":[{"ancestorTitles":["Shipping"],"fullName":"Shipping exemplo","status":"skipped","title":"exemplo","failureMessages":[],"meta":{}},{"ancestorTitles":["Shipping"],"fullName":"Shipping caso 1: Deve retornar sucesso 200 e calculo do custo do frete requisitado.","status":"failed","title":"caso 1: Deve retornar sucesso 200 e calculo do custo do frete requisitado.","duration":302,"failureMessages":["AssertionError: expected 500 to be 200 // Object.is equality\n    at /home/diegoaquino/www/tcc-project-downloads/data/120110573-120110754/a-v1/tests/shipping.test.ts:51:29\n    at processTicksAndRejections (node:internal/process/task_queues:95:5)\n    at runTest (file:///home/diegoaquino/www/tcc-project-downloads/data/120110573-120110754/a-v1/node_modules/@vitest/runner/dist/index.js:955:11)\n    at runSuite (file:///home/diegoaquino/www/tcc-project-downloads/data/120110573-120110754/a-v1/node_modules/@vitest/runner/dist/index.js:1111:15)\n    at runSuite (file:///home/diegoaquino/www/tcc-project-downloads/data/120110573-120110754/a-v1/node_modules/@vitest/runner/dist/index.js:1111:15)\n    at runFiles (file:///home/diegoaquino/www/tcc-project-downloads/data/120110573-120110754/a-v1/node_modules/@vitest/runner/dist/index.js:1168:5)\n    at startTests (file:///home/diegoaquino/www/tcc-project-downloads/data/120110573-120110754/a-v1/node_modules/@vitest/runner/dist/index.js:1177:3)\n    at file:///home/diegoaquino/www/tcc-project-downloads/data/120110573-120110754/a-v1/node_modules/vitest/dist/chunks/runtime-runBaseTests.Dq_sJZq9.js:132:11\n    at withEnv (file:///home/diegoaquino/www/tcc-project-downloads/data/120110573-120110754/a-v1/node_modules/vitest/dist/chunks/runtime-runBaseTests.Dq_sJZq9.js:94:5)\n    at run (file:///home/diegoaquino/www/tcc-project-downloads/data/120110573-120110754/a-v1/node_modules/vitest/dist/chunks/runtime-runBaseTests.Dq_sJZq9.js:117:3)"],"meta":{}},{"ancestorTitles":["Shipping"],"fullName":"Shipping caso 2: Deve retornar erro de validação 400 quando parâmetros estiverem faltando.","status":"passed","title":"caso 2: Deve retornar erro de validação 400 quando parâmetros estiverem faltando.","duration":6,"failureMessages":[],"meta":{}},{"ancestorTitles":["Shipping"],"fullName":"Shipping caso 3: Deve retornar erro de validação 400 quando a cidade de origem não for encontrada.","status":"failed","title":"caso 3: Deve retornar erro de validação 400 quando a cidade de origem não for encontrada.","duration":69,"failureMessages":["AssertionError: expected 500 to be 400 // Object.is equality\n    at /home/diegoaquino/www/tcc-project-downloads/data/120110573-120110754/a-v1/tests/shipping.test.ts:80:29\n    at processTicksAndRejections (node:internal/process/task_queues:95:5)\n    at runTest (file:///home/diegoaquino/www/tcc-project-downloads/data/120110573-120110754/a-v1/node_modules/@vitest/runner/dist/index.js:955:11)\n    at runSuite (file:///home/diegoaquino/www/tcc-project-downloads/data/120110573-120110754/a-v1/node_modules/@vitest/runner/dist/index.js:1111:15)\n    at runSuite (file:///home/diegoaquino/www/tcc-project-downloads/data/120110573-120110754/a-v1/node_modules/@vitest/runner/dist/index.js:1111:15)\n    at runFiles (file:///home/diegoaquino/www/tcc-project-downloads/data/120110573-120110754/a-v1/node_modules/@vitest/runner/dist/index.js:1168:5)\n    at startTests (file:///home/diegoaquino/www/tcc-project-downloads/data/120110573-120110754/a-v1/node_modules/@vitest/runner/dist/index.js:1177:3)\n    at file:///home/diegoaquino/www/tcc-project-downloads/data/120110573-120110754/a-v1/node_modules/vitest/dist/chunks/runtime-runBaseTests.Dq_sJZq9.js:132:11\n    at withEnv (file:///home/diegoaquino/www/tcc-project-downloads/data/120110573-120110754/a-v1/node_modules/vitest/dist/chunks/runtime-runBaseTests.Dq_sJZq9.js:94:5)\n    at run (file:///home/diegoaquino/www/tcc-project-downloads/data/120110573-120110754/a-v1/node_modules/vitest/dist/chunks/runtime-runBaseTests.Dq_sJZq9.js:117:3)"],"meta":{}},{"ancestorTitles":["Shipping"],"fullName":"Shipping caso 4: Deve retornar erro de servidor 400 quando o valor de peso passado for negativo.","status":"passed","title":"caso 4: Deve retornar erro de servidor 400 quando o valor de peso passado for negativo.","duration":3,"failureMessages":[],"meta":{}}],"startTime":1726106480520,"endTime":1726106480900,"status":"failed","message":"","name":"/home/diegoaquino/www/tcc-project-downloads/data/120110573-120110754/a-v1/tests/shipping.test.ts"}]}