{"numTotalTestSuites":2,"numPassedTestSuites":2,"numFailedTestSuites":0,"numPendingTestSuites":0,"numTotalTests":4,"numPassedTests":4,"numFailedTests":0,"numPendingTests":0,"numTodoTests":0,"snapshot":{"added":0,"failure":false,"filesAdded":0,"filesRemoved":0,"filesRemovedList":[],"filesUnmatched":0,"filesUpdated":0,"matched":0,"total":0,"unchecked":0,"uncheckedKeysByFile":[],"unmatched":0,"updated":0,"didUpdate":false},"startTime":1726106535663,"success":true,"testResults":[{"assertionResults":[{"ancestorTitles":["Shipping"],"fullName":"Shipping caso 1: Sucesso no cálculo :D","status":"passed","title":"caso 1: Sucesso no cálculo :D","duration":93,"failureMessages":[],"meta":{}},{"ancestorTitles":["Shipping"],"fullName":"Shipping caso 2: Cidade origem inválida","status":"passed","title":"caso 2: Cidade origem inválida","duration":13,"failureMessages":[],"meta":{}},{"ancestorTitles":["Shipping"],"fullName":"Shipping caso 3: Cidade destino inválida","status":"passed","title":"caso 3: Cidade destino inválida","duration":13,"failureMessages":[],"meta":{}},{"ancestorTitles":["Shipping"],"fullName":"Shipping caso 4: Aplicação fora do ar :(","status":"passed","title":"caso 4: Aplicação fora do ar :(","duration":13,"failureMessages":[],"meta":{}}],"startTime":1726106536202,"endTime":1726106536334,"status":"passed","message":"","name":"/home/diegoaquino/www/tcc-project-downloads/data/121111104-121110199/a-v1/tests/shipping.test.ts"}]}