{"numTotalTestSuites":2,"numPassedTestSuites":2,"numFailedTestSuites":0,"numPendingTestSuites":0,"numTotalTests":4,"numPassedTests":4,"numFailedTests":0,"numPendingTests":0,"numTodoTests":0,"snapshot":{"added":0,"failure":false,"filesAdded":0,"filesRemoved":0,"filesRemovedList":[],"filesUnmatched":0,"filesUpdated":0,"matched":0,"total":0,"unchecked":0,"uncheckedKeysByFile":[],"unmatched":0,"updated":0,"didUpdate":false},"startTime":1726106511706,"success":true,"testResults":[{"assertionResults":[{"ancestorTitles":["Before and after test"],"fullName":"Before and after test caso 1: Quando buscamos o custo entre duas cidades existentes","status":"passed","title":"caso 1: Quando buscamos o custo entre duas cidades existentes","duration":126,"failureMessages":[],"meta":{}},{"ancestorTitles":["Before and after test"],"fullName":"Before and after test caso 2: Verificamos se frete dentro de um mesmo estado é grátis","status":"passed","title":"caso 2: Verificamos se frete dentro de um mesmo estado é grátis","duration":25,"failureMessages":[],"meta":{}},{"ancestorTitles":["Before and after test"],"fullName":"Before and after test caso 3: Quando buscamos por uma cidade inexistente (5XX)","status":"passed","title":"caso 3: Quando buscamos por uma cidade inexistente (5XX)","duration":13,"failureMessages":[],"meta":{}},{"ancestorTitles":["Before and after test"],"fullName":"Before and after test caso 4: Frete grátis quando a distância é 0 (Entrega na mesma cidade)","status":"passed","title":"caso 4: Frete grátis quando a distância é 0 (Entrega na mesma cidade)","duration":16,"failureMessages":[],"meta":{}}],"startTime":1726106512446,"endTime":1726106512626,"status":"passed","message":"","name":"/home/diegoaquino/www/tcc-project-downloads/data/121110343-11111111/a-v2/tests/shipping.v2.test.ts"}]}