{"numTotalTestSuites":2,"numPassedTestSuites":2,"numFailedTestSuites":0,"numPendingTestSuites":0,"numTotalTests":5,"numPassedTests":5,"numFailedTests":0,"numPendingTests":0,"numTodoTests":0,"snapshot":{"added":0,"failure":false,"filesAdded":0,"filesRemoved":0,"filesRemovedList":[],"filesUnmatched":0,"filesUpdated":0,"matched":0,"total":0,"unchecked":0,"uncheckedKeysByFile":[],"unmatched":0,"updated":0,"didUpdate":false},"startTime":1726106474468,"success":true,"testResults":[{"assertionResults":[{"ancestorTitles":["Shipping"],"fullName":"Shipping exemplo","status":"skipped","title":"exemplo","failureMessages":[],"meta":{}},{"ancestorTitles":["Shipping"],"fullName":"Shipping caso 1: cidades válidas","status":"passed","title":"caso 1: cidades válidas","duration":135,"failureMessages":[],"meta":{}},{"ancestorTitles":["Shipping"],"fullName":"Shipping caso 2: cidade de origem não existe","status":"passed","title":"caso 2: cidade de origem não existe","duration":19,"failureMessages":[],"meta":{}},{"ancestorTitles":["Shipping"],"fullName":"Shipping caso 3: cidade de destino não existe","status":"passed","title":"caso 3: cidade de destino não existe","duration":18,"failureMessages":[],"meta":{}},{"ancestorTitles":["Shipping"],"fullName":"Shipping caso 4: api de localização com erro inesperado","status":"passed","title":"caso 4: api de localização com erro inesperado","duration":21,"failureMessages":[],"meta":{}}],"startTime":1726106475146,"endTime":1726106475339,"status":"passed","message":"","name":"/home/diegoaquino/www/tcc-project-downloads/data/120110021-120110368/a-v1/tests/shipping.test.ts"}]}