{"numTotalTestSuites":2,"numPassedTestSuites":2,"numFailedTestSuites":0,"numPendingTestSuites":0,"numTotalTests":5,"numPassedTests":5,"numFailedTests":0,"numPendingTests":0,"numTodoTests":0,"snapshot":{"added":0,"failure":false,"filesAdded":0,"filesRemoved":0,"filesRemovedList":[],"filesUnmatched":0,"filesUpdated":0,"matched":0,"total":0,"unchecked":0,"uncheckedKeysByFile":[],"unmatched":0,"updated":0,"didUpdate":false},"startTime":1726106478493,"success":true,"testResults":[{"assertionResults":[{"ancestorTitles":["Shares"],"fullName":"Shares exemplo","status":"skipped","title":"exemplo","failureMessages":[],"meta":{}},{"ancestorTitles":["Shares"],"fullName":"Shares caso 1: Envia um arquivo normal com conversão","status":"passed","title":"caso 1: Envia um arquivo normal com conversão","duration":108,"failureMessages":[],"meta":{}},{"ancestorTitles":["Shares"],"fullName":"Shares caso 2: Envia formato do input errado","status":"passed","title":"caso 2: Envia formato do input errado","duration":13,"failureMessages":[],"meta":{}},{"ancestorTitles":["Shares"],"fullName":"Shares caso 3: Envia formato do output errado","status":"passed","title":"caso 3: Envia formato do output errado","duration":12,"failureMessages":[],"meta":{}},{"ancestorTitles":["Shares"],"fullName":"Shares caso 4: Envia nome do arquivo com caracter nulo","status":"passed","title":"caso 4: Envia nome do arquivo com caracter nulo","duration":9,"failureMessages":[],"meta":{}}],"startTime":1726106479184,"endTime":1726106479327,"status":"passed","message":"","name":"/home/diegoaquino/www/tcc-project-downloads/data/120110021-120110368/b-v2/tests/shares.test.ts"}]}