{"numTotalTestSuites":2,"numPassedTestSuites":2,"numFailedTestSuites":0,"numPendingTestSuites":0,"numTotalTests":4,"numPassedTests":4,"numFailedTests":0,"numPendingTests":0,"numTodoTests":0,"snapshot":{"added":0,"failure":false,"filesAdded":0,"filesRemoved":0,"filesRemovedList":[],"filesUnmatched":0,"filesUpdated":0,"matched":0,"total":0,"unchecked":0,"uncheckedKeysByFile":[],"unmatched":0,"updated":0,"didUpdate":false},"startTime":1726106523640,"success":true,"testResults":[{"assertionResults":[{"ancestorTitles":["Conversion API"],"fullName":"Conversion API caso 1: sucesso ao fazer upload e conversão de arquivo","status":"passed","title":"caso 1: sucesso ao fazer upload e conversão de arquivo","duration":104,"failureMessages":[],"meta":{}},{"ancestorTitles":["Conversion API"],"fullName":"Conversion API caso 2: erro ao tentar converter um arquivo inválido","status":"passed","title":"caso 2: erro ao tentar converter um arquivo inválido","duration":14,"failureMessages":[],"meta":{}},{"ancestorTitles":["Conversion API"],"fullName":"Conversion API caso 3: checar status de conversão com sucesso","status":"passed","title":"caso 3: checar status de conversão com sucesso","duration":11,"failureMessages":[],"meta":{}},{"ancestorTitles":["Conversion API"],"fullName":"Conversion API caso 4: checar status de conversão com erro","status":"passed","title":"caso 4: checar status de conversão com erro","duration":10,"failureMessages":[],"meta":{}}],"startTime":1726106524125,"endTime":1726106524265,"status":"passed","message":"","name":"/home/diegoaquino/www/tcc-project-downloads/data/121110406-121110604/b-v1/tests/shares.test.ts"}]}