{"numTotalTestSuites":2,"numPassedTestSuites":2,"numFailedTestSuites":0,"numPendingTestSuites":0,"numTotalTests":4,"numPassedTests":4,"numFailedTests":0,"numPendingTests":0,"numTodoTests":0,"snapshot":{"added":0,"failure":false,"filesAdded":0,"filesRemoved":0,"filesRemovedList":[],"filesUnmatched":0,"filesUpdated":0,"matched":0,"total":0,"unchecked":0,"uncheckedKeysByFile":[],"unmatched":0,"updated":0,"didUpdate":false},"startTime":1726106513093,"success":true,"testResults":[{"assertionResults":[{"ancestorTitles":["Shares"],"fullName":"Shares caso 1: compartilhamento de arquivo com conversão bem-sucedida","status":"passed","title":"caso 1: compartilhamento de arquivo com conversão bem-sucedida","duration":201,"failureMessages":[],"meta":{}},{"ancestorTitles":["Shares"],"fullName":"Shares caso 2: erro ao converter arquivo (erro 500)","status":"passed","title":"caso 2: erro ao converter arquivo (erro 500)","duration":22,"failureMessages":[],"meta":{}},{"ancestorTitles":["Shares"],"fullName":"Shares caso 3: conversão não encontrada (erro 404)","status":"passed","title":"caso 3: conversão não encontrada (erro 404)","duration":125,"failureMessages":[],"meta":{}},{"ancestorTitles":["Shares"],"fullName":"Shares caso 4: compartilhamento de arquivo sem conversão","status":"passed","title":"caso 4: compartilhamento de arquivo sem conversão","duration":5,"failureMessages":[],"meta":{}}],"startTime":1726106513593,"endTime":1726106513946,"status":"passed","message":"","name":"/home/diegoaquino/www/tcc-project-downloads/data/121110343-11111111/b-v1/tests/shares.test.ts"}]}