{"numTotalTestSuites":2,"numPassedTestSuites":2,"numFailedTestSuites":0,"numPendingTestSuites":0,"numTotalTests":3,"numPassedTests":3,"numFailedTests":0,"numPendingTests":0,"numTodoTests":0,"snapshot":{"added":0,"failure":false,"filesAdded":0,"filesRemoved":0,"filesRemovedList":[],"filesUnmatched":0,"filesUpdated":0,"matched":0,"total":0,"unchecked":0,"uncheckedKeysByFile":[],"unmatched":0,"updated":0,"didUpdate":false},"startTime":1726106563003,"success":true,"testResults":[{"assertionResults":[{"ancestorTitles":["Restaurants"],"fullName":"Restaurants exemplo","status":"skipped","title":"exemplo","failureMessages":[],"meta":{}},{"ancestorTitles":["Restaurants"],"fullName":"Restaurants caso 1: sucesso (2XX)","status":"passed","title":"caso 1: sucesso (2XX)","duration":99,"failureMessages":[],"meta":{}},{"ancestorTitles":["Restaurants"],"fullName":"Restaurants caso 2: erro (4XX ou 5XX)","status":"passed","title":"caso 2: erro (4XX ou 5XX)","duration":13,"failureMessages":[],"meta":{}}],"startTime":1726106563485,"endTime":1726106563597,"status":"passed","message":"","name":"/home/diegoaquino/www/tcc-project-downloads/data/dev-5/a-v1/tests/restaurants.test.ts"}]}