{"numTotalTestSuites":2,"numPassedTestSuites":2,"numFailedTestSuites":0,"numPendingTestSuites":0,"numTotalTests":6,"numPassedTests":6,"numFailedTests":0,"numPendingTests":0,"numTodoTests":0,"snapshot":{"added":0,"failure":false,"filesAdded":0,"filesRemoved":0,"filesRemovedList":[],"filesUnmatched":0,"filesUpdated":0,"matched":0,"total":0,"unchecked":0,"uncheckedKeysByFile":[],"unmatched":0,"updated":0,"didUpdate":false},"startTime":1726106498236,"success":true,"testResults":[{"assertionResults":[{"ancestorTitles":["Shares"],"fullName":"Shares exemplo","status":"skipped","title":"exemplo","failureMessages":[],"meta":{}},{"ancestorTitles":["Shares"],"fullName":"Shares caso 1: Conversão Encontrada e em estado pendente, depois concluída","status":"passed","title":"caso 1: Conversão Encontrada e em estado pendente, depois concluída","duration":198,"failureMessages":[],"meta":{}},{"ancestorTitles":["Shares"],"fullName":"Shares caso 2: Erro de Validação 400","status":"passed","title":"caso 2: Erro de Validação 400","duration":7,"failureMessages":[],"meta":{}},{"ancestorTitles":["Shares"],"fullName":"Shares caso 3: Conversão falha e retorna erro 500","status":"passed","title":"caso 3: Conversão falha e retorna erro 500","duration":12,"failureMessages":[],"meta":{}},{"ancestorTitles":["Shares"],"fullName":"Shares caso 4: Conversao falha algumas vezes antes de funcionar","status":"passed","title":"caso 4: Conversao falha algumas vezes antes de funcionar","duration":118,"failureMessages":[],"meta":{}},{"ancestorTitles":["Shares"],"fullName":"Shares caso 5: Conversao enviada sem o inputFile.format","status":"passed","title":"caso 5: Conversao enviada sem o inputFile.format","duration":4,"failureMessages":[],"meta":{}}],"startTime":1726106498875,"endTime":1726106499214,"status":"passed","message":"","name":"/home/diegoaquino/www/tcc-project-downloads/data/120210059-120110406/b-v2/tests/shares.test.ts"}]}