{"numTotalTestSuites":2,"numPassedTestSuites":2,"numFailedTestSuites":0,"numPendingTestSuites":0,"numTotalTests":5,"numPassedTests":5,"numFailedTests":0,"numPendingTests":0,"numTodoTests":0,"snapshot":{"added":0,"failure":false,"filesAdded":0,"filesRemoved":0,"filesRemovedList":[],"filesUnmatched":0,"filesUpdated":0,"matched":0,"total":0,"unchecked":0,"uncheckedKeysByFile":[],"unmatched":0,"updated":0,"didUpdate":false},"startTime":1726106462676,"success":true,"testResults":[{"assertionResults":[{"ancestorTitles":["Shipping"],"fullName":"Shipping exemplo","status":"skipped","title":"exemplo","failureMessages":[],"meta":{}},{"ancestorTitles":["Shipping"],"fullName":"Shipping caso 1: sucesso (200) com cidades de estados diferentes","status":"passed","title":"caso 1: sucesso (200) com cidades de estados diferentes","duration":123,"failureMessages":[],"meta":{}},{"ancestorTitles":["Shipping"],"fullName":"Shipping caso 2: sucesso (200) com cidades do mesmo estado","status":"passed","title":"caso 2: sucesso (200) com cidades do mesmo estado","duration":20,"failureMessages":[],"meta":{}},{"ancestorTitles":["Shipping"],"fullName":"Shipping caso 3: erro (400) com cidade de origem invalida","status":"passed","title":"caso 3: erro (400) com cidade de origem invalida","duration":12,"failureMessages":[],"meta":{}},{"ancestorTitles":["Shipping"],"fullName":"Shipping caso 4: erro (400) com cidade de destino invalida","status":"passed","title":"caso 4: erro (400) com cidade de destino invalida","duration":12,"failureMessages":[],"meta":{}}],"startTime":1726106463358,"endTime":1726106463525,"status":"passed","message":"","name":"/home/diegoaquino/www/tcc-project-downloads/data/119210204-119111008/a-v2/tests/shipping.test.ts"}]}