{"numTotalTestSuites":2,"numPassedTestSuites":2,"numFailedTestSuites":0,"numPendingTestSuites":0,"numTotalTests":5,"numPassedTests":5,"numFailedTests":0,"numPendingTests":0,"numTodoTests":0,"snapshot":{"added":0,"failure":false,"filesAdded":0,"filesRemoved":0,"filesRemovedList":[],"filesUnmatched":0,"filesUpdated":0,"matched":0,"total":0,"unchecked":0,"uncheckedKeysByFile":[],"unmatched":0,"updated":0,"didUpdate":false},"startTime":1726106507810,"success":true,"testResults":[{"assertionResults":[{"ancestorTitles":["Shares"],"fullName":"Shares exemplo","status":"skipped","title":"exemplo","failureMessages":[],"meta":{}},{"ancestorTitles":["Shares"],"fullName":"Shares caso 1: <Conversão .docx para .pdf aplicada - 2XX>","status":"passed","title":"caso 1: <Conversão .docx para .pdf aplicada - 2XX>","duration":216,"failureMessages":[],"meta":{}},{"ancestorTitles":["Shares"],"fullName":"Shares caso 2: <Nenhuma Conversão Aplicada - 2XX>","status":"passed","title":"caso 2: <Nenhuma Conversão Aplicada - 2XX>","duration":8,"failureMessages":[],"meta":{}},{"ancestorTitles":["Shares"],"fullName":"Shares caso 3: <Erro de Validação - 4XX>","status":"passed","title":"caso 3: <Erro de Validação - 4XX>","duration":12,"failureMessages":[],"meta":{}},{"ancestorTitles":["Shares"],"fullName":"Shares caso 4: <Erro de Conversão - 5XX>","status":"passed","title":"caso 4: <Erro de Conversão - 5XX>","duration":12,"failureMessages":[],"meta":{}}],"startTime":1726106508342,"endTime":1726106508590,"status":"passed","message":"","name":"/home/diegoaquino/www/tcc-project-downloads/data/121110090-121110034/b-v1/tests/shares.test.ts"}]}