{"numTotalTestSuites":2,"numPassedTestSuites":2,"numFailedTestSuites":0,"numPendingTestSuites":0,"numTotalTests":4,"numPassedTests":4,"numFailedTests":0,"numPendingTests":0,"numTodoTests":0,"snapshot":{"added":0,"failure":false,"filesAdded":0,"filesRemoved":0,"filesRemovedList":[],"filesUnmatched":0,"filesUpdated":0,"matched":0,"total":0,"unchecked":0,"uncheckedKeysByFile":[],"unmatched":0,"updated":0,"didUpdate":false},"startTime":1726106537870,"success":true,"testResults":[{"assertionResults":[{"ancestorTitles":["Shares"],"fullName":"Shares caso 1: sucesso na conversão","status":"passed","title":"caso 1: sucesso na conversão","duration":217,"failureMessages":[],"meta":{}},{"ancestorTitles":["Shares"],"fullName":"Shares caso 2: id invalido para a api de GET","status":"passed","title":"caso 2: id invalido para a api de GET","duration":122,"failureMessages":[],"meta":{}},{"ancestorTitles":["Shares"],"fullName":"Shares caso 3: erro na conversão do arquivo","status":"passed","title":"caso 3: erro na conversão do arquivo","duration":8,"failureMessages":[],"meta":{}},{"ancestorTitles":["Shares"],"fullName":"Shares caso 4: Service Unavailable no post","status":"passed","title":"caso 4: Service Unavailable no post","duration":8,"failureMessages":[],"meta":{}}],"startTime":1726106538357,"endTime":1726106538712,"status":"passed","message":"","name":"/home/diegoaquino/www/tcc-project-downloads/data/121111104-121110199/b-v1/tests/shares.test.ts"}]}