{"numTotalTestSuites":2,"numPassedTestSuites":2,"numFailedTestSuites":0,"numPendingTestSuites":0,"numTotalTests":4,"numPassedTests":4,"numFailedTests":0,"numPendingTests":0,"numTodoTests":0,"snapshot":{"added":0,"failure":false,"filesAdded":0,"filesRemoved":0,"filesRemovedList":[],"filesUnmatched":0,"filesUpdated":0,"matched":0,"total":0,"unchecked":0,"uncheckedKeysByFile":[],"unmatched":0,"updated":0,"didUpdate":false},"startTime":1726106529310,"success":true,"testResults":[{"assertionResults":[{"ancestorTitles":["Shares"],"fullName":"Shares caso 1: todos os parametros corretos","status":"passed","title":"caso 1: todos os parametros corretos","duration":207,"failureMessages":[],"meta":{}},{"ancestorTitles":["Shares"],"fullName":"Shares caso 2: caso não seja passado o nome do arquivo","status":"passed","title":"caso 2: caso não seja passado o nome do arquivo","duration":8,"failureMessages":[],"meta":{}},{"ancestorTitles":["Shares"],"fullName":"Shares caso 3: enviando sem fazer converção","status":"passed","title":"caso 3: enviando sem fazer converção","duration":6,"failureMessages":[],"meta":{}},{"ancestorTitles":["Shares"],"fullName":"Shares caso 4: Testando quando o mode é privado","status":"passed","title":"caso 4: Testando quando o mode é privado","duration":117,"failureMessages":[],"meta":{}}],"startTime":1726106529858,"endTime":1726106530196,"status":"passed","message":"","name":"/home/diegoaquino/www/tcc-project-downloads/data/121110409-121110247/b-v2/tests/shares.test.ts"}]}