{"numTotalTestSuites":2,"numPassedTestSuites":2,"numFailedTestSuites":0,"numPendingTestSuites":0,"numTotalTests":5,"numPassedTests":5,"numFailedTests":0,"numPendingTests":0,"numTodoTests":0,"snapshot":{"added":0,"failure":false,"filesAdded":0,"filesRemoved":0,"filesRemovedList":[],"filesUnmatched":0,"filesUpdated":0,"matched":0,"total":0,"unchecked":0,"uncheckedKeysByFile":[],"unmatched":0,"updated":0,"didUpdate":false},"startTime":1726106519263,"success":true,"testResults":[{"assertionResults":[{"ancestorTitles":["Shipping"],"fullName":"Shipping exemplo","status":"skipped","title":"exemplo","failureMessages":[],"meta":{}},{"ancestorTitles":["Shipping"],"fullName":"Shipping caso 1: <descrição>","status":"passed","title":"caso 1: <descrição>","duration":116,"failureMessages":[],"meta":{}},{"ancestorTitles":["Shipping"],"fullName":"Shipping caso 2: erro de validação com entrada inválida","status":"passed","title":"caso 2: erro de validação com entrada inválida","duration":7,"failureMessages":[],"meta":{}},{"ancestorTitles":["Shipping"],"fullName":"Shipping caso 3: cálculo de distância com cidades válidas","status":"passed","title":"caso 3: cálculo de distância com cidades válidas","duration":21,"failureMessages":[],"meta":{}},{"ancestorTitles":["Shipping"],"fullName":"Shipping caso 4: erro 500 na API de cálculo de distâncias","status":"passed","title":"caso 4: erro 500 na API de cálculo de distâncias","duration":18,"failureMessages":[],"meta":{}}],"startTime":1726106519784,"endTime":1726106519946,"status":"passed","message":"","name":"/home/diegoaquino/www/tcc-project-downloads/data/121110349-121110403/b-v1/tests/shipping.test.ts"}]}