{"numTotalTestSuites":2,"numPassedTestSuites":2,"numFailedTestSuites":0,"numPendingTestSuites":0,"numTotalTests":4,"numPassedTests":4,"numFailedTests":0,"numPendingTests":0,"numTodoTests":0,"snapshot":{"added":0,"failure":false,"filesAdded":0,"filesRemoved":0,"filesRemovedList":[],"filesUnmatched":0,"filesUpdated":0,"matched":0,"total":0,"unchecked":0,"uncheckedKeysByFile":[],"unmatched":0,"updated":0,"didUpdate":false},"startTime":1726106521486,"success":true,"testResults":[{"assertionResults":[{"ancestorTitles":["Shipping"],"fullName":"Shipping Quando ambas as cidades existem, a requisição para calcular o frete entre elas deve retornar um status 200","status":"passed","title":"Quando ambas as cidades existem, a requisição para calcular o frete entre elas deve retornar um status 200","duration":95,"failureMessages":[],"meta":{}},{"ancestorTitles":["Shipping"],"fullName":"Shipping Dado que a cidade de origem não foi encontrada, a requisição para calcular o frete entre elas deve retornar um status 400","status":"passed","title":"Dado que a cidade de origem não foi encontrada, a requisição para calcular o frete entre elas deve retornar um status 400","duration":13,"failureMessages":[],"meta":{}},{"ancestorTitles":["Shipping"],"fullName":"Shipping Dado que a cidade de destino não foi encontrada, a requisição para calcular o frete entre elas deve retornar um status 400","status":"passed","title":"Dado que a cidade de destino não foi encontrada, a requisição para calcular o frete entre elas deve retornar um status 400","duration":12,"failureMessages":[],"meta":{}},{"ancestorTitles":["Shipping"],"fullName":"Shipping Dado que ambas as cidades não foram encontradas, a requisição para calcular o frete entre elas deve retornar um status 400","status":"passed","title":"Dado que ambas as cidades não foram encontradas, a requisição para calcular o frete entre elas deve retornar um status 400","duration":12,"failureMessages":[],"meta":{}}],"startTime":1726106521978,"endTime":1726106522110,"status":"passed","message":"","name":"/home/diegoaquino/www/tcc-project-downloads/data/121110406-121110604/a-v1/tests/shipping.test.ts"}]}