{"numTotalTestSuites":2,"numPassedTestSuites":2,"numFailedTestSuites":0,"numPendingTestSuites":0,"numTotalTests":4,"numPassedTests":4,"numFailedTests":0,"numPendingTests":0,"numTodoTests":0,"snapshot":{"added":0,"failure":false,"filesAdded":0,"filesRemoved":0,"filesRemovedList":[],"filesUnmatched":0,"filesUpdated":0,"matched":0,"total":0,"unchecked":0,"uncheckedKeysByFile":[],"unmatched":0,"updated":0,"didUpdate":false},"startTime":1726106502711,"success":true,"testResults":[{"assertionResults":[{"ancestorTitles":["Shares"],"fullName":"Shares caso 1: shareFiles should share a regular file","status":"passed","title":"caso 1: shareFiles should share a regular file","duration":47,"failureMessages":[],"meta":{}},{"ancestorTitles":["Shares"],"fullName":"Shares caso 2: shareFiles should convert type to pdf","status":"passed","title":"caso 2: shareFiles should convert type to pdf","duration":154,"failureMessages":[],"meta":{}},{"ancestorTitles":["Shares"],"fullName":"Shares caso 3: should return http error when api de conversao return an error","status":"passed","title":"caso 3: should return http error when api de conversao return an error","duration":0,"failureMessages":[],"meta":{}},{"ancestorTitles":["Shares"],"fullName":"Shares caso 4: shareFile should return badRequest when pass invalid arguments","status":"passed","title":"caso 4: shareFile should return badRequest when pass invalid arguments","duration":7,"failureMessages":[],"meta":{}}],"startTime":1726106503388,"endTime":1726106503596,"status":"passed","message":"","name":"/home/diegoaquino/www/tcc-project-downloads/data/120211072-120211086/b-v1/tests/shares.test.ts"}]}