{"numTotalTestSuites":2,"numPassedTestSuites":2,"numFailedTestSuites":0,"numPendingTestSuites":0,"numTotalTests":5,"numPassedTests":5,"numFailedTests":0,"numPendingTests":0,"numTodoTests":0,"snapshot":{"added":0,"failure":false,"filesAdded":0,"filesRemoved":0,"filesRemovedList":[],"filesUnmatched":0,"filesUpdated":0,"matched":0,"total":0,"unchecked":0,"uncheckedKeysByFile":[],"unmatched":0,"updated":0,"didUpdate":false},"startTime":1726106506625,"success":true,"testResults":[{"assertionResults":[{"ancestorTitles":["Shipping"],"fullName":"Shipping exemplo","status":"skipped","title":"exemplo","failureMessages":[],"meta":{}},{"ancestorTitles":["Shipping"],"fullName":"Shipping caso 1: sucesso (2XX) - estados diferentes","status":"passed","title":"caso 1: sucesso (2XX) - estados diferentes","duration":115,"failureMessages":[],"meta":{}},{"ancestorTitles":["Shipping"],"fullName":"Shipping caso 2: sucesso (2XX) - estados iguais","status":"passed","title":"caso 2: sucesso (2XX) - estados iguais","duration":19,"failureMessages":[],"meta":{}},{"ancestorTitles":["Shipping"],"fullName":"Shipping caso 3: erro (5XX) - Erro inesperado em /cities/distances","status":"passed","title":"caso 3: erro (5XX) - Erro inesperado em /cities/distances","duration":19,"failureMessages":[],"meta":{}},{"ancestorTitles":["Shipping"],"fullName":"Shipping caso 4: erro (5XX) - Erro inesperado em /cities","status":"passed","title":"caso 4: erro (5XX) - Erro inesperado em /cities","duration":12,"failureMessages":[],"meta":{}}],"startTime":1726106507181,"endTime":1726106507346,"status":"passed","message":"","name":"/home/diegoaquino/www/tcc-project-downloads/data/121110090-121110034/a-v2/tests/shipping.test.ts"}]}