{"numTotalTestSuites":2,"numPassedTestSuites":2,"numFailedTestSuites":0,"numPendingTestSuites":0,"numTotalTests":5,"numPassedTests":5,"numFailedTests":0,"numPendingTests":0,"numTodoTests":0,"snapshot":{"added":0,"failure":false,"filesAdded":0,"filesRemoved":0,"filesRemovedList":[],"filesUnmatched":0,"filesUpdated":0,"matched":0,"total":0,"unchecked":0,"uncheckedKeysByFile":[],"unmatched":0,"updated":0,"didUpdate":false},"startTime":1726106526857,"success":true,"testResults":[{"assertionResults":[{"ancestorTitles":["Shipping"],"fullName":"Shipping exemplo","status":"skipped","title":"exemplo","failureMessages":[],"meta":{}},{"ancestorTitles":["Shipping"],"fullName":"Shipping caso 1: caso de sucesso com duas cidades no mesmo estado (frete deve ser gratuito)","status":"passed","title":"caso 1: caso de sucesso com duas cidades no mesmo estado (frete deve ser gratuito)","duration":102,"failureMessages":[],"meta":{}},{"ancestorTitles":["Shipping"],"fullName":"Shipping caso 2: caso de sucesso com duas cidades em estados diferentes (frete deve ser calculado)","status":"passed","title":"caso 2: caso de sucesso com duas cidades em estados diferentes (frete deve ser calculado)","duration":19,"failureMessages":[],"meta":{}},{"ancestorTitles":["Shipping"],"fullName":"Shipping caso 3: caso de erro 4XX","status":"passed","title":"caso 3: caso de erro 4XX","duration":6,"failureMessages":[],"meta":{}},{"ancestorTitles":["Shipping"],"fullName":"Shipping caso 4: caso de erro 5XX","status":"passed","title":"caso 4: caso de erro 5XX","duration":15,"failureMessages":[],"meta":{}}],"startTime":1726106527316,"endTime":1726106527458,"status":"passed","message":"","name":"/home/diegoaquino/www/tcc-project-downloads/data/121110409-121110247/a-v2/tests/shipping.test.ts"}]}