{"numTotalTestSuites":2,"numPassedTestSuites":2,"numFailedTestSuites":0,"numPendingTestSuites":0,"numTotalTests":5,"numPassedTests":5,"numFailedTests":0,"numPendingTests":0,"numTodoTests":0,"snapshot":{"added":0,"failure":false,"filesAdded":0,"filesRemoved":0,"filesRemovedList":[],"filesUnmatched":0,"filesUpdated":0,"matched":0,"total":0,"unchecked":0,"uncheckedKeysByFile":[],"unmatched":0,"updated":0,"didUpdate":false},"startTime":1726106445363,"success":true,"testResults":[{"assertionResults":[{"ancestorTitles":["Shares"],"fullName":"Shares exemplo","status":"skipped","title":"exemplo","failureMessages":[],"meta":{}},{"ancestorTitles":["Shares"],"fullName":"Shares caso 1: shares a file with conversion successfully","status":"passed","title":"caso 1: shares a file with conversion successfully","duration":198,"failureMessages":[],"meta":{}},{"ancestorTitles":["Shares"],"fullName":"Shares caso 2: handles conversion error correctly","status":"passed","title":"caso 2: handles conversion error correctly","duration":114,"failureMessages":[],"meta":{}},{"ancestorTitles":["Shares"],"fullName":"Shares caso 3: shares a file without conversion","status":"passed","title":"caso 3: shares a file without conversion","duration":5,"failureMessages":[],"meta":{}},{"ancestorTitles":["Shares"],"fullName":"Shares caso 4: handles long-running conversion","status":"passed","title":"caso 4: handles long-running conversion","duration":323,"failureMessages":[],"meta":{}}],"startTime":1726106446021,"endTime":1726106446661,"status":"passed","message":"","name":"/home/diegoaquino/www/tcc-project-downloads/data/119110051-118110885/b-v1/tests/shares.test.ts"}]}