{"numTotalTestSuites":2,"numPassedTestSuites":2,"numFailedTestSuites":0,"numPendingTestSuites":0,"numTotalTests":5,"numPassedTests":1,"numFailedTests":4,"numPendingTests":0,"numTodoTests":0,"snapshot":{"added":0,"failure":false,"filesAdded":0,"filesRemoved":0,"filesRemovedList":[],"filesUnmatched":0,"filesUpdated":0,"matched":0,"total":0,"unchecked":0,"uncheckedKeysByFile":[],"unmatched":0,"updated":0,"didUpdate":false},"startTime":1726106481550,"success":false,"testResults":[{"assertionResults":[{"ancestorTitles":["Shipping (v2 API)"],"fullName":"Shipping (v2 API) exemplo","status":"skipped","title":"exemplo","failureMessages":[],"meta":{}},{"ancestorTitles":["Shipping (v2 API)"],"fullName":"Shipping (v2 API) caso 1: Deve retornar sucesso 200 e cálculo do custo do frete com API v2.","status":"failed","title":"caso 1: Deve retornar sucesso 200 e cálculo do custo do frete com API v2.","duration":318,"failureMessages":["TypeError: actual value must be number or bigint, received \"undefined\"\n    at assertTypes (file:///home/diegoaquino/www/tcc-project-downloads/data/120110573-120110754/a-v2/node_modules/@vitest/utils/dist/helpers.js:20:11)\n    at Proxy.<anonymous> (file:///home/diegoaquino/www/tcc-project-downloads/data/120110573-120110754/a-v2/node_modules/@vitest/expect/dist/index.js:1171:5)\n    at Proxy.<anonymous> (file:///home/diegoaquino/www/tcc-project-downloads/data/120110573-120110754/a-v2/node_modules/@vitest/expect/dist/index.js:912:17)\n    at Proxy.methodWrapper (file:///home/diegoaquino/www/tcc-project-downloads/data/120110573-120110754/a-v2/node_modules/chai/chai.js:1591:25)\n    at /home/diegoaquino/www/tcc-project-downloads/data/120110573-120110754/a-v2/tests/shipping.test.ts:52:48\n    at processTicksAndRejections (node:internal/process/task_queues:95:5)\n    at runTest (file:///home/diegoaquino/www/tcc-project-downloads/data/120110573-120110754/a-v2/node_modules/@vitest/runner/dist/index.js:955:11)\n    at runSuite (file:///home/diegoaquino/www/tcc-project-downloads/data/120110573-120110754/a-v2/node_modules/@vitest/runner/dist/index.js:1111:15)\n    at runSuite (file:///home/diegoaquino/www/tcc-project-downloads/data/120110573-120110754/a-v2/node_modules/@vitest/runner/dist/index.js:1111:15)\n    at runFiles (file:///home/diegoaquino/www/tcc-project-downloads/data/120110573-120110754/a-v2/node_modules/@vitest/runner/dist/index.js:1168:5)"],"meta":{}},{"ancestorTitles":["Shipping (v2 API)"],"fullName":"Shipping (v2 API) caso 2: Deve retornar erro de validação 400 quando parâmetros estiverem faltando com API v2.","status":"failed","title":"caso 2: Deve retornar erro de validação 400 quando parâmetros estiverem faltando com API v2.","duration":11,"failureMessages":["AssertionError: expected 200 to be 400 // Object.is equality\n    at /home/diegoaquino/www/tcc-project-downloads/data/120110573-120110754/a-v2/tests/shipping.test.ts:68:29\n    at processTicksAndRejections (node:internal/process/task_queues:95:5)\n    at runTest (file:///home/diegoaquino/www/tcc-project-downloads/data/120110573-120110754/a-v2/node_modules/@vitest/runner/dist/index.js:955:11)\n    at runSuite (file:///home/diegoaquino/www/tcc-project-downloads/data/120110573-120110754/a-v2/node_modules/@vitest/runner/dist/index.js:1111:15)\n    at runSuite (file:///home/diegoaquino/www/tcc-project-downloads/data/120110573-120110754/a-v2/node_modules/@vitest/runner/dist/index.js:1111:15)\n    at runFiles (file:///home/diegoaquino/www/tcc-project-downloads/data/120110573-120110754/a-v2/node_modules/@vitest/runner/dist/index.js:1168:5)\n    at startTests (file:///home/diegoaquino/www/tcc-project-downloads/data/120110573-120110754/a-v2/node_modules/@vitest/runner/dist/index.js:1177:3)\n    at file:///home/diegoaquino/www/tcc-project-downloads/data/120110573-120110754/a-v2/node_modules/vitest/dist/chunks/runtime-runBaseTests.Dq_sJZq9.js:132:11\n    at withEnv (file:///home/diegoaquino/www/tcc-project-downloads/data/120110573-120110754/a-v2/node_modules/vitest/dist/chunks/runtime-runBaseTests.Dq_sJZq9.js:94:5)\n    at run (file:///home/diegoaquino/www/tcc-project-downloads/data/120110573-120110754/a-v2/node_modules/vitest/dist/chunks/runtime-runBaseTests.Dq_sJZq9.js:117:3)"],"meta":{}},{"ancestorTitles":["Shipping (v2 API)"],"fullName":"Shipping (v2 API) caso 3: Deve retornar erro 400 quando a cidade de origem não for encontrada na API v2.","status":"failed","title":"caso 3: Deve retornar erro 400 quando a cidade de origem não for encontrada na API v2.","duration":66,"failureMessages":["AssertionError: expected 200 to be 400 // Object.is equality\n    at /home/diegoaquino/www/tcc-project-downloads/data/120110573-120110754/a-v2/tests/shipping.test.ts:82:29\n    at processTicksAndRejections (node:internal/process/task_queues:95:5)\n    at runTest (file:///home/diegoaquino/www/tcc-project-downloads/data/120110573-120110754/a-v2/node_modules/@vitest/runner/dist/index.js:955:11)\n    at runSuite (file:///home/diegoaquino/www/tcc-project-downloads/data/120110573-120110754/a-v2/node_modules/@vitest/runner/dist/index.js:1111:15)\n    at runSuite (file:///home/diegoaquino/www/tcc-project-downloads/data/120110573-120110754/a-v2/node_modules/@vitest/runner/dist/index.js:1111:15)\n    at runFiles (file:///home/diegoaquino/www/tcc-project-downloads/data/120110573-120110754/a-v2/node_modules/@vitest/runner/dist/index.js:1168:5)\n    at startTests (file:///home/diegoaquino/www/tcc-project-downloads/data/120110573-120110754/a-v2/node_modules/@vitest/runner/dist/index.js:1177:3)\n    at file:///home/diegoaquino/www/tcc-project-downloads/data/120110573-120110754/a-v2/node_modules/vitest/dist/chunks/runtime-runBaseTests.Dq_sJZq9.js:132:11\n    at withEnv (file:///home/diegoaquino/www/tcc-project-downloads/data/120110573-120110754/a-v2/node_modules/vitest/dist/chunks/runtime-runBaseTests.Dq_sJZq9.js:94:5)\n    at run (file:///home/diegoaquino/www/tcc-project-downloads/data/120110573-120110754/a-v2/node_modules/vitest/dist/chunks/runtime-runBaseTests.Dq_sJZq9.js:117:3)"],"meta":{}},{"ancestorTitles":["Shipping (v2 API)"],"fullName":"Shipping (v2 API) caso 4: Deve retornar erro de servidor 400 quando o valor de peso passado for negativo com API v2.","status":"failed","title":"caso 4: Deve retornar erro de servidor 400 quando o valor de peso passado for negativo com API v2.","duration":5,"failureMessages":["AssertionError: expected 200 to be 400 // Object.is equality\n    at /home/diegoaquino/www/tcc-project-downloads/data/120110573-120110754/a-v2/tests/shipping.test.ts:96:29\n    at processTicksAndRejections (node:internal/process/task_queues:95:5)\n    at runTest (file:///home/diegoaquino/www/tcc-project-downloads/data/120110573-120110754/a-v2/node_modules/@vitest/runner/dist/index.js:955:11)\n    at runSuite (file:///home/diegoaquino/www/tcc-project-downloads/data/120110573-120110754/a-v2/node_modules/@vitest/runner/dist/index.js:1111:15)\n    at runSuite (file:///home/diegoaquino/www/tcc-project-downloads/data/120110573-120110754/a-v2/node_modules/@vitest/runner/dist/index.js:1111:15)\n    at runFiles (file:///home/diegoaquino/www/tcc-project-downloads/data/120110573-120110754/a-v2/node_modules/@vitest/runner/dist/index.js:1168:5)\n    at startTests (file:///home/diegoaquino/www/tcc-project-downloads/data/120110573-120110754/a-v2/node_modules/@vitest/runner/dist/index.js:1177:3)\n    at file:///home/diegoaquino/www/tcc-project-downloads/data/120110573-120110754/a-v2/node_modules/vitest/dist/chunks/runtime-runBaseTests.Dq_sJZq9.js:132:11\n    at withEnv (file:///home/diegoaquino/www/tcc-project-downloads/data/120110573-120110754/a-v2/node_modules/vitest/dist/chunks/runtime-runBaseTests.Dq_sJZq9.js:94:5)\n    at run (file:///home/diegoaquino/www/tcc-project-downloads/data/120110573-120110754/a-v2/node_modules/vitest/dist/chunks/runtime-runBaseTests.Dq_sJZq9.js:117:3)"],"meta":{}}],"startTime":1726106482308,"endTime":1726106482708,"status":"failed","message":"","name":"/home/diegoaquino/www/tcc-project-downloads/data/120110573-120110754/a-v2/tests/shipping.test.ts"}]}