{"numTotalTestSuites":2,"numPassedTestSuites":2,"numFailedTestSuites":0,"numPendingTestSuites":0,"numTotalTests":5,"numPassedTests":5,"numFailedTests":0,"numPendingTests":0,"numTodoTests":0,"snapshot":{"added":0,"failure":false,"filesAdded":0,"filesRemoved":0,"filesRemovedList":[],"filesUnmatched":0,"filesUpdated":0,"matched":0,"total":0,"unchecked":0,"uncheckedKeysByFile":[],"unmatched":0,"updated":0,"didUpdate":false},"startTime":1726106442873,"success":true,"testResults":[{"assertionResults":[{"ancestorTitles":["Shipping"],"fullName":"Shipping exemplo","status":"skipped","title":"exemplo","failureMessages":[],"meta":{}},{"ancestorTitles":["Shipping"],"fullName":"Shipping caso 1: testando calculo do frete quando as cidades estão no mesmo estado","status":"passed","title":"caso 1: testando calculo do frete quando as cidades estão no mesmo estado","duration":113,"failureMessages":[],"meta":{}},{"ancestorTitles":["Shipping"],"fullName":"Shipping caso 2: Testando retorno da aplicação quando a API não encontra uma das cidades especificadas na entrada","status":"passed","title":"caso 2: Testando retorno da aplicação quando a API não encontra uma das cidades especificadas na entrada","duration":19,"failureMessages":[],"meta":{}},{"ancestorTitles":["Shipping"],"fullName":"Shipping caso 3: Testando calculo de frete quando as cidades estão em estados diferentes","status":"passed","title":"caso 3: Testando calculo de frete quando as cidades estão em estados diferentes","duration":17,"failureMessages":[],"meta":{}},{"ancestorTitles":["Shipping"],"fullName":"Shipping caso 4: Testando resposta da aplicação quando a cidade de origem e destino é a mesma ","status":"passed","title":"caso 4: Testando resposta da aplicação quando a cidade de origem e destino é a mesma ","duration":15,"failureMessages":[],"meta":{}}],"startTime":1726106443424,"endTime":1726106443588,"status":"passed","message":"","name":"/home/diegoaquino/www/tcc-project-downloads/data/119110051-118110885/a-v1/tests/shipping.test.ts"}]}