{"numTotalTestSuites":2,"numPassedTestSuites":2,"numFailedTestSuites":0,"numPendingTestSuites":0,"numTotalTests":3,"numPassedTests":2,"numFailedTests":1,"numPendingTests":0,"numTodoTests":0,"snapshot":{"added":0,"failure":false,"filesAdded":0,"filesRemoved":0,"filesRemovedList":[],"filesUnmatched":0,"filesUpdated":0,"matched":0,"total":0,"unchecked":0,"uncheckedKeysByFile":[],"unmatched":0,"updated":0,"didUpdate":false},"startTime":1726106566059,"success":false,"testResults":[{"assertionResults":[{"ancestorTitles":["Autocomplete"],"fullName":"Autocomplete exemplo","status":"skipped","title":"exemplo","failureMessages":[],"meta":{}},{"ancestorTitles":["Autocomplete"],"fullName":"Autocomplete caso 1: sucesso (2XX)","status":"failed","title":"caso 1: sucesso (2XX)","duration":94,"failureMessages":["AssertionError: expected 500 to be 200 // Object.is equality\n    at /home/diegoaquino/www/tcc-project-downloads/data/dev-5/b-v2/tests/autocomplete.test.ts:239:29\n    at processTicksAndRejections (node:internal/process/task_queues:95:5)\n    at runTest (file:///home/diegoaquino/www/tcc-project-downloads/data/dev-5/b-v2/node_modules/@vitest/runner/dist/index.js:955:11)\n    at runSuite (file:///home/diegoaquino/www/tcc-project-downloads/data/dev-5/b-v2/node_modules/@vitest/runner/dist/index.js:1111:15)\n    at runSuite (file:///home/diegoaquino/www/tcc-project-downloads/data/dev-5/b-v2/node_modules/@vitest/runner/dist/index.js:1111:15)\n    at runFiles (file:///home/diegoaquino/www/tcc-project-downloads/data/dev-5/b-v2/node_modules/@vitest/runner/dist/index.js:1168:5)\n    at startTests (file:///home/diegoaquino/www/tcc-project-downloads/data/dev-5/b-v2/node_modules/@vitest/runner/dist/index.js:1177:3)\n    at file:///home/diegoaquino/www/tcc-project-downloads/data/dev-5/b-v2/node_modules/vitest/dist/chunks/runtime-runBaseTests.Dq_sJZq9.js:132:11\n    at withEnv (file:///home/diegoaquino/www/tcc-project-downloads/data/dev-5/b-v2/node_modules/vitest/dist/chunks/runtime-runBaseTests.Dq_sJZq9.js:94:5)\n    at run (file:///home/diegoaquino/www/tcc-project-downloads/data/dev-5/b-v2/node_modules/vitest/dist/chunks/runtime-runBaseTests.Dq_sJZq9.js:117:3)"],"meta":{}},{"ancestorTitles":["Autocomplete"],"fullName":"Autocomplete caso 2: erro (4XX ou 5XX)","status":"passed","title":"caso 2: erro (4XX ou 5XX)","duration":9,"failureMessages":[],"meta":{}}],"startTime":1726106566535,"endTime":1726106566638,"status":"failed","message":"","name":"/home/diegoaquino/www/tcc-project-downloads/data/dev-5/b-v2/tests/autocomplete.test.ts"}]}